<?xml version="1.0" encoding="UTF-8"?>
<!-- Generated by org.testng.reporters.JUnitXMLReporter -->
<testsuite hostname="Irinas-MacBook-Pro.local" ignored="0" name="grid.FirstTest" tests="3" failures="0" timestamp="2020-06-19T14:04:54 IST" time="15.653" errors="0">
  <testcase name="GOOGLE2" time="5.457" classname="grid.FirstTest"/>
  <testcase name="GOOGLE1" time="5.511" classname="grid.FirstTest"/>
  <testcase name="GOOGLE3" time="7.098" classname="grid.FirstTest"/>
</testsuite> <!-- grid.FirstTest -->
