<?xml version="1.0" encoding="UTF-8"?>
<!-- Generated by org.testng.reporters.JUnitXMLReporter -->
<testsuite hostname="Irinas-MacBook-Pro.local" ignored="0" name="TEST WITH CHROME1" tests="14" failures="0" timestamp="2020-06-19T14:07:40 IST" time="65.964" errors="0">
  <testcase name="paralelTest" time="8.065" classname="parallel.TestParallelNG"/>
  <testcase name="paralelTest" time="8.137" classname="parallel.TestParallelNG"/>
  <testcase name="paralelTest" time="5.913" classname="parallel.TestParallelNG"/>
  <testcase name="paralelTest1" time="10.233" classname="parallel.TestParallelNG"/>
  <testcase name="paralelTest1" time="10.091" classname="parallel.TestParallelNG"/>
  <testcase name="paralelTest1" time="9.337" classname="parallel.TestParallelNG"/>
  <testcase name="paralelTest3" time="8.13" classname="parallel.TestParallelNG"/>
  <testcase name="paralelTest3" time="9.133" classname="parallel.TestParallelNG"/>
  <testcase name="paralelTest3" time="15.66" classname="parallel.TestParallelNG"/>
  <testcase name="paralelTest4" time="8.95" classname="parallel.TestParallelNG"/>
  <testcase name="paralelTest4" time="8.688" classname="parallel.TestParallelNG"/>
  <testcase name="paralelTest4" time="12.967" classname="parallel.TestParallelNG"/>
  <testcase name="paralelTest5" time="11.803" classname="parallel.TestParallelNG"/>
  <testcase name="paralelTest5" time="12.839" classname="parallel.TestParallelNG"/>
</testsuite> <!-- TEST WITH CHROME1 -->
