<?xml version="1.0" encoding="UTF-8"?>
<!-- Generated by org.testng.reporters.JUnitXMLReporter -->
<testsuite ignored="0" hostname="Irinas-MacBook-Pro.local" failures="0" tests="15" name="TEST WITH CHROME" time="70.907" errors="0" timestamp="2020-06-19T14:23:27 IST">
  <testcase classname="parallel.TestParallelNG" name="paralelTest" time="6.636"/>
  <testcase classname="parallel.TestParallelNG" name="paralelTest" time="8.171"/>
  <testcase classname="parallel.TestParallelNG" name="paralelTest" time="8.941"/>
  <testcase classname="parallel.TestParallelNG" name="paralelTest1" time="9.775"/>
  <testcase classname="parallel.TestParallelNG" name="paralelTest1" time="10.053"/>
  <testcase classname="parallel.TestParallelNG" name="paralelTest1" time="13.051"/>
  <testcase classname="parallel.TestParallelNG" name="paralelTest3" time="9.164"/>
  <testcase classname="parallel.TestParallelNG" name="paralelTest3" time="9.88"/>
  <testcase classname="parallel.TestParallelNG" name="paralelTest3" time="9.353"/>
  <testcase classname="parallel.TestParallelNG" name="paralelTest4" time="9.999"/>
  <testcase classname="parallel.TestParallelNG" name="paralelTest4" time="9.252"/>
  <testcase classname="parallel.TestParallelNG" name="paralelTest4" time="9.074"/>
  <testcase classname="parallel.TestParallelNG" name="paralelTest5" time="13.657"/>
  <testcase classname="parallel.TestParallelNG" name="paralelTest5" time="9.463"/>
  <testcase classname="parallel.TestParallelNG" name="paralelTest5" time="10.23"/>
</testsuite> <!-- TEST WITH CHROME -->
