<?xml version="1.0" encoding="UTF-8"?>
<testsuite xmlns:xsi="http://www.w3.org/2001/XMLSchema-instance" xsi:noNamespaceSchemaLocation="https://maven.apache.org/surefire/maven-surefire-plugin/xsd/surefire-test-report-3.0.xsd" version="3.0" name="TestSuite" time="93.648" tests="20" errors="0" skipped="0" failures="0">
  <properties>
[...]
</properties>
  <testcase name="paralelTest[safari](1)" classname="parallel.TestParallelNG" time="6.692">
    <system-out><![CDATA[14:22:16.757 [TestNG-tests-2] DEBUG io.netty.util.ResourceLeakDetector - -Dio.netty.leakDetection.level: simple
14:22:16.765 [TestNG-tests-2] DEBUG io.netty.util.ResourceLeakDetector - -Dio.netty.leakDetection.targetRecords: 4
14:22:16.787 [TestNG-tests-3] DEBUG io.netty.util.internal.PlatformDependent - Platform: MacOS
14:22:16.790 [TestNG-tests-3] DEBUG io.netty.util.internal.PlatformDependent0 - -Dio.netty.noUnsafe: false
14:22:16.790 [TestNG-tests-3] DEBUG io.netty.util.internal.PlatformDependent0 - Java version: 13
14:22:16.793 [TestNG-tests-3] DEBUG io.netty.util.internal.PlatformDependent0 - sun.misc.Unsafe.theUnsafe: available
14:22:16.794 [TestNG-tests-3] DEBUG io.netty.util.internal.PlatformDependent0 - sun.misc.Unsafe.copyMemory: available
14:22:16.795 [TestNG-tests-3] DEBUG io.netty.util.internal.PlatformDependent0 - java.nio.Buffer.address: available
14:22:16.801 [TestNG-tests-3] DEBUG io.netty.util.internal.PlatformDependent0 - direct buffer constructor: unavailable
java.lang.UnsupportedOperationException: Reflective setAccessible(true) disabled
	at io.netty.util.internal.ReflectionUtil.trySetAccessible(ReflectionUtil.java:31)
	at io.netty.util.internal.PlatformDependent0$4.run(PlatformDependent0.java:225)
	at java.base/java.security.AccessController.doPrivileged(AccessController.java:312)
	at io.netty.util.internal.PlatformDependent0.<clinit>(PlatformDependent0.java:219)
	at io.netty.util.internal.PlatformDependent.isAndroid(PlatformDependent.java:273)
	at io.netty.util.internal.PlatformDependent.<clinit>(PlatformDependent.java:92)
	at io.netty.util.ResourceLeakDetector.<init>(ResourceLeakDetector.java:171)
	at io.netty.util.ResourceLeakDetector.<init>(ResourceLeakDetector.java:213)
	at io.netty.util.ResourceLeakDetectorFactory$DefaultResourceLeakDetectorFactory.newResourceLeakDetector(ResourceLeakDetectorFactory.java:194)
	at io.netty.util.HashedWheelTimer.<clinit>(HashedWheelTimer.java:89)
	at org.asynchttpclient.DefaultAsyncHttpClient.newNettyTimer(DefaultAsyncHttpClient.java:97)
	at org.asynchttpclient.DefaultAsyncHttpClient.<init>(DefaultAsyncHttpClient.java:87)
	at org.asynchttpclient.DefaultAsyncHttpClient.<init>(DefaultAsyncHttpClient.java:71)
	at org.asynchttpclient.Dsl.asyncHttpClient(Dsl.java:28)
	at org.openqa.selenium.remote.http.netty.CreateNettyClient.apply(CreateNettyClient.java:34)
	at org.openqa.selenium.remote.http.netty.NettyHttpHandler.<init>(NettyHttpHandler.java:39)
	at org.openqa.selenium.remote.http.netty.NettyClient$Factory.createClient(NettyClient.java:68)
	at org.openqa.selenium.remote.http.HttpClient$Factory.createClient(HttpClient.java:71)
	at org.openqa.selenium.remote.HttpCommandExecutor.<init>(HttpCommandExecutor.java:90)
	at org.openqa.selenium.remote.HttpCommandExecutor.<init>(HttpCommandExecutor.java:73)
	at org.openqa.selenium.remote.service.DriverCommandExecutor.<init>(DriverCommandExecutor.java:63)
	at org.openqa.selenium.safari.SafariDriverCommandExecutor.<init>(SafariDriverCommandExecutor.java:36)
	at org.openqa.selenium.safari.SafariDriver.<init>(SafariDriver.java:81)
	at org.openqa.selenium.safari.SafariDriver.<init>(SafariDriver.java:63)
	at utilities.DriverFactory.getDriverFor(DriverFactory.java:29)
	at parallel.Hooks.setup(Hooks.java:21)
	at java.base/jdk.internal.reflect.NativeMethodAccessorImpl.invoke0(Native Method)
	at java.base/jdk.internal.reflect.NativeMethodAccessorImpl.invoke(NativeMethodAccessorImpl.java:62)
	at java.base/jdk.internal.reflect.DelegatingMethodAccessorImpl.invoke(DelegatingMethodAccessorImpl.java:43)
	at java.base/java.lang.reflect.Method.invoke(Method.java:567)
	at org.testng.internal.MethodInvocationHelper.invokeMethod(MethodInvocationHelper.java:134)
	at org.testng.internal.MethodInvocationHelper.invokeMethodConsideringTimeout(MethodInvocationHelper.java:63)
	at org.testng.internal.ConfigInvoker.invokeConfigurationMethod(ConfigInvoker.java:348)
	at org.testng.internal.ConfigInvoker.invokeConfigurations(ConfigInvoker.java:302)
	at org.testng.internal.TestInvoker.runConfigMethods(TestInvoker.java:695)
	at org.testng.internal.TestInvoker.invokeMethod(TestInvoker.java:523)
	at org.testng.internal.TestInvoker.invokeTestMethod(TestInvoker.java:173)
	at org.testng.internal.MethodRunner.runInSequence(MethodRunner.java:46)
	at org.testng.internal.TestInvoker$MethodInvocationAgent.invoke(TestInvoker.java:816)
	at org.testng.internal.TestInvoker.invokeTestMethods(TestInvoker.java:146)
	at org.testng.internal.TestMethodWorker.invokeTestMethods(TestMethodWorker.java:146)
	at org.testng.internal.TestMethodWorker.run(TestMethodWorker.java:128)
	at java.base/java.util.ArrayList.forEach(ArrayList.java:1507)
	at org.testng.TestRunner.privateRun(TestRunner.java:766)
	at org.testng.TestRunner.run(TestRunner.java:587)
	at org.testng.SuiteRunner.runTest(SuiteRunner.java:384)
	at org.testng.SuiteRunner.access$000(SuiteRunner.java:28)
	at org.testng.SuiteRunner$SuiteWorker.run(SuiteRunner.java:425)
	at org.testng.internal.thread.ThreadUtil.lambda$execute$0(ThreadUtil.java:68)
	at java.base/java.util.concurrent.FutureTask.run(FutureTask.java:264)
	at java.base/java.util.concurrent.ThreadPoolExecutor.runWorker(ThreadPoolExecutor.java:1128)
	at java.base/java.util.concurrent.ThreadPoolExecutor$Worker.run(ThreadPoolExecutor.java:628)
	at java.base/java.lang.Thread.run(Thread.java:830)
14:22:16.803 [TestNG-tests-3] DEBUG io.netty.util.internal.PlatformDependent0 - java.nio.Bits.unaligned: available, true
14:22:16.805 [TestNG-tests-3] DEBUG io.netty.util.internal.PlatformDependent0 - jdk.internal.misc.Unsafe.allocateUninitializedArray(int): unavailable
java.lang.IllegalAccessException: class io.netty.util.internal.PlatformDependent0$6 cannot access class jdk.internal.misc.Unsafe (in module java.base) because module java.base does not export jdk.internal.misc to unnamed module @70707588
	at java.base/jdk.internal.reflect.Reflection.newIllegalAccessException(Reflection.java:376)
	at java.base/java.lang.reflect.AccessibleObject.checkAccess(AccessibleObject.java:642)
	at java.base/java.lang.reflect.Method.invoke(Method.java:559)
	at io.netty.util.internal.PlatformDependent0$6.run(PlatformDependent0.java:335)
	at java.base/java.security.AccessController.doPrivileged(AccessController.java:312)
	at io.netty.util.internal.PlatformDependent0.<clinit>(PlatformDependent0.java:326)
	at io.netty.util.internal.PlatformDependent.isAndroid(PlatformDependent.java:273)
	at io.netty.util.internal.PlatformDependent.<clinit>(PlatformDependent.java:92)
	at io.netty.util.ResourceLeakDetector.<init>(ResourceLeakDetector.java:171)
	at io.netty.util.ResourceLeakDetector.<init>(ResourceLeakDetector.java:213)
	at io.netty.util.ResourceLeakDetectorFactory$DefaultResourceLeakDetectorFactory.newResourceLeakDetector(ResourceLeakDetectorFactory.java:194)
	at io.netty.util.HashedWheelTimer.<clinit>(HashedWheelTimer.java:89)
	at org.asynchttpclient.DefaultAsyncHttpClient.newNettyTimer(DefaultAsyncHttpClient.java:97)
	at org.asynchttpclient.DefaultAsyncHttpClient.<init>(DefaultAsyncHttpClient.java:87)
	at org.asynchttpclient.DefaultAsyncHttpClient.<init>(DefaultAsyncHttpClient.java:71)
	at org.asynchttpclient.Dsl.asyncHttpClient(Dsl.java:28)
	at org.openqa.selenium.remote.http.netty.CreateNettyClient.apply(CreateNettyClient.java:34)
	at org.openqa.selenium.remote.http.netty.NettyHttpHandler.<init>(NettyHttpHandler.java:39)
	at org.openqa.selenium.remote.http.netty.NettyClient$Factory.createClient(NettyClient.java:68)
	at org.openqa.selenium.remote.http.HttpClient$Factory.createClient(HttpClient.java:71)
	at org.openqa.selenium.remote.HttpCommandExecutor.<init>(HttpCommandExecutor.java:90)
	at org.openqa.selenium.remote.HttpCommandExecutor.<init>(HttpCommandExecutor.java:73)
	at org.openqa.selenium.remote.service.DriverCommandExecutor.<init>(DriverCommandExecutor.java:63)
	at org.openqa.selenium.safari.SafariDriverCommandExecutor.<init>(SafariDriverCommandExecutor.java:36)
	at org.openqa.selenium.safari.SafariDriver.<init>(SafariDriver.java:81)
	at org.openqa.selenium.safari.SafariDriver.<init>(SafariDriver.java:63)
	at utilities.DriverFactory.getDriverFor(DriverFactory.java:29)
	at parallel.Hooks.setup(Hooks.java:21)
	at java.base/jdk.internal.reflect.NativeMethodAccessorImpl.invoke0(Native Method)
	at java.base/jdk.internal.reflect.NativeMethodAccessorImpl.invoke(NativeMethodAccessorImpl.java:62)
	at java.base/jdk.internal.reflect.DelegatingMethodAccessorImpl.invoke(DelegatingMethodAccessorImpl.java:43)
	at java.base/java.lang.reflect.Method.invoke(Method.java:567)
	at org.testng.internal.MethodInvocationHelper.invokeMethod(MethodInvocationHelper.java:134)
	at org.testng.internal.MethodInvocationHelper.invokeMethodConsideringTimeout(MethodInvocationHelper.java:63)
	at org.testng.internal.ConfigInvoker.invokeConfigurationMethod(ConfigInvoker.java:348)
	at org.testng.internal.ConfigInvoker.invokeConfigurations(ConfigInvoker.java:302)
	at org.testng.internal.TestInvoker.runConfigMethods(TestInvoker.java:695)
	at org.testng.internal.TestInvoker.invokeMethod(TestInvoker.java:523)
	at org.testng.internal.TestInvoker.invokeTestMethod(TestInvoker.java:173)
	at org.testng.internal.MethodRunner.runInSequence(MethodRunner.java:46)
	at org.testng.internal.TestInvoker$MethodInvocationAgent.invoke(TestInvoker.java:816)
	at org.testng.internal.TestInvoker.invokeTestMethods(TestInvoker.java:146)
	at org.testng.internal.TestMethodWorker.invokeTestMethods(TestMethodWorker.java:146)
	at org.testng.internal.TestMethodWorker.run(TestMethodWorker.java:128)
	at java.base/java.util.ArrayList.forEach(ArrayList.java:1507)
	at org.testng.TestRunner.privateRun(TestRunner.java:766)
	at org.testng.TestRunner.run(TestRunner.java:587)
	at org.testng.SuiteRunner.runTest(SuiteRunner.java:384)
	at org.testng.SuiteRunner.access$000(SuiteRunner.java:28)
	at org.testng.SuiteRunner$SuiteWorker.run(SuiteRunner.java:425)
	at org.testng.internal.thread.ThreadUtil.lambda$execute$0(ThreadUtil.java:68)
	at java.base/java.util.concurrent.FutureTask.run(FutureTask.java:264)
	at java.base/java.util.concurrent.ThreadPoolExecutor.runWorker(ThreadPoolExecutor.java:1128)
	at java.base/java.util.concurrent.ThreadPoolExecutor$Worker.run(ThreadPoolExecutor.java:628)
	at java.base/java.lang.Thread.run(Thread.java:830)
14:22:16.807 [TestNG-tests-3] DEBUG io.netty.util.internal.PlatformDependent0 - java.nio.DirectByteBuffer.<init>(long, int): unavailable
14:22:16.807 [TestNG-tests-3] DEBUG io.netty.util.internal.PlatformDependent - sun.misc.Unsafe: available
14:22:16.812 [TestNG-tests-3] DEBUG io.netty.util.internal.PlatformDependent - maxDirectMemory: 2147483648 bytes (maybe)
14:22:16.812 [TestNG-tests-3] DEBUG io.netty.util.internal.PlatformDependent - -Dio.netty.tmpdir: /var/folders/l0/99pzd8154ll76rw1xxk09dsm0000gp/T (java.io.tmpdir)
14:22:16.812 [TestNG-tests-3] DEBUG io.netty.util.internal.PlatformDependent - -Dio.netty.bitMode: 64 (sun.arch.data.model)
14:22:16.814 [TestNG-tests-3] DEBUG io.netty.util.internal.PlatformDependent - -Dio.netty.maxDirectMemory: -1 bytes
14:22:16.815 [TestNG-tests-3] DEBUG io.netty.util.internal.PlatformDependent - -Dio.netty.uninitializedArrayAllocationThreshold: -1
14:22:16.817 [TestNG-tests-3] DEBUG io.netty.util.internal.CleanerJava9 - java.nio.ByteBuffer.cleaner(): available
14:22:16.817 [TestNG-tests-3] DEBUG io.netty.util.internal.PlatformDependent - -Dio.netty.noPreferDirect: false
14:22:16.817 [TestNG-tests-3] DEBUG io.netty.util.ResourceLeakDetectorFactory - Loaded default ResourceLeakDetector: io.netty.util.ResourceLeakDetector@67047f09
14:22:16.838 [TestNG-tests-3] DEBUG io.netty.util.internal.PlatformDependent - org.jctools-core.MpscChunkedArrayQueue: available
14:22:17.188 [TestNG-tests-3] DEBUG io.netty.handler.ssl.JdkSslContext - Default protocols (JDK): [TLSv1.2, TLSv1.1, TLSv1] 
14:22:17.188 [TestNG-tests-3] DEBUG io.netty.handler.ssl.JdkSslContext - Default cipher suites (JDK): [TLS_ECDHE_ECDSA_WITH_AES_256_GCM_SHA384, TLS_ECDHE_ECDSA_WITH_AES_128_GCM_SHA256, TLS_ECDHE_RSA_WITH_AES_128_GCM_SHA256, TLS_ECDHE_RSA_WITH_AES_256_GCM_SHA384, TLS_ECDHE_RSA_WITH_AES_128_CBC_SHA, TLS_ECDHE_RSA_WITH_AES_256_CBC_SHA, TLS_RSA_WITH_AES_128_GCM_SHA256, TLS_RSA_WITH_AES_128_CBC_SHA, TLS_RSA_WITH_AES_256_CBC_SHA, TLS_AES_128_GCM_SHA256, TLS_AES_256_GCM_SHA384]
14:22:17.227 [TestNG-tests-3] DEBUG io.netty.util.internal.InternalThreadLocalMap - -Dio.netty.threadLocalMap.stringBuilder.initialSize: 1024
14:22:17.227 [TestNG-tests-3] DEBUG io.netty.util.internal.InternalThreadLocalMap - -Dio.netty.threadLocalMap.stringBuilder.maxSize: 4096
14:22:17.239 [TestNG-tests-3] DEBUG io.netty.channel.MultithreadEventLoopGroup - -Dio.netty.eventLoopThreads: 8
14:22:17.270 [TestNG-tests-3] DEBUG io.netty.channel.nio.NioEventLoop - -Dio.netty.noKeySetOptimization: false
14:22:17.270 [TestNG-tests-3] DEBUG io.netty.channel.nio.NioEventLoop - -Dio.netty.selectorAutoRebuildThreshold: 512
14:22:17.332 [TestNG-tests-3] DEBUG io.netty.buffer.PooledByteBufAllocator - -Dio.netty.allocator.numHeapArenas: 8
14:22:17.333 [TestNG-tests-3] DEBUG io.netty.buffer.PooledByteBufAllocator - -Dio.netty.allocator.numDirectArenas: 8
14:22:17.333 [TestNG-tests-3] DEBUG io.netty.buffer.PooledByteBufAllocator - -Dio.netty.allocator.pageSize: 8192
14:22:17.333 [TestNG-tests-3] DEBUG io.netty.buffer.PooledByteBufAllocator - -Dio.netty.allocator.maxOrder: 11
14:22:17.333 [TestNG-tests-3] DEBUG io.netty.buffer.PooledByteBufAllocator - -Dio.netty.allocator.chunkSize: 16777216
14:22:17.333 [TestNG-tests-3] DEBUG io.netty.buffer.PooledByteBufAllocator - -Dio.netty.allocator.tinyCacheSize: 512
14:22:17.333 [TestNG-tests-3] DEBUG io.netty.buffer.PooledByteBufAllocator - -Dio.netty.allocator.smallCacheSize: 256
14:22:17.334 [TestNG-tests-3] DEBUG io.netty.buffer.PooledByteBufAllocator - -Dio.netty.allocator.normalCacheSize: 64
14:22:17.334 [TestNG-tests-3] DEBUG io.netty.buffer.PooledByteBufAllocator - -Dio.netty.allocator.maxCachedBufferCapacity: 32768
14:22:17.334 [TestNG-tests-3] DEBUG io.netty.buffer.PooledByteBufAllocator - -Dio.netty.allocator.cacheTrimInterval: 8192
14:22:17.334 [TestNG-tests-3] DEBUG io.netty.buffer.PooledByteBufAllocator - -Dio.netty.allocator.cacheTrimIntervalMillis: 0
14:22:17.334 [TestNG-tests-3] DEBUG io.netty.buffer.PooledByteBufAllocator - -Dio.netty.allocator.useCacheForAllThreads: true
14:22:17.334 [TestNG-tests-3] DEBUG io.netty.buffer.PooledByteBufAllocator - -Dio.netty.allocator.maxCachedByteBuffersPerChunk: 1023
14:22:17.349 [TestNG-tests-3] DEBUG io.netty.buffer.ByteBufUtil - -Dio.netty.allocator.type: pooled
14:22:17.349 [TestNG-tests-3] DEBUG io.netty.buffer.ByteBufUtil - -Dio.netty.threadLocalDirectBufferSize: 0
14:22:17.349 [TestNG-tests-3] DEBUG io.netty.buffer.ByteBufUtil - -Dio.netty.maxThreadLocalCharBufferSize: 16384
14:22:17.423 [TestNG-tests-2] DEBUG io.github.bonigarcia.wdm.Shell - Running command on the shell: [/Applications/Chromium.app/Contents/MacOS/Chromium, --version]
14:22:17.452 [TestNG-tests-2] DEBUG io.github.bonigarcia.wdm.Shell - There was a problem executing command </Applications/Chromium.app/Contents/MacOS/Chromium --version> on the shell: Cannot run program "/Applications/Chromium.app/Contents/MacOS/Chromium" (in directory "."): error=2, No such file or directory
14:22:17.452 [TestNG-tests-2] DEBUG io.github.bonigarcia.wdm.Shell - Result: 
14:22:17.452 [TestNG-tests-2] DEBUG io.github.bonigarcia.wdm.WebDriverManager - The proper chromedriver version for your Chromium is unknown ... trying with the latest
14:22:17.869 [TestNG-tests-2] DEBUG io.github.bonigarcia.wdm.WebDriverManager - Latest version of chromedriver according to https://chromedriver.storage.googleapis.com/LATEST_RELEASE is 83.0.4103.39
14:22:17.905 [TestNG-tests-2] DEBUG io.github.bonigarcia.wdm.WebDriverManager - Driver chromedriver 83.0.4103.39 found in cache
14:22:17.906 [TestNG-tests-2] INFO io.github.bonigarcia.wdm.WebDriverManager - Exporting webdriver.chrome.driver as /Users/slava/.m2/repository/webdriver/chromedriver/mac64/83.0.4103.39/chromedriver
14:22:17.944 [TestNG-tests-1] DEBUG io.github.bonigarcia.wdm.Shell - Running command on the shell: [/Applications/Chromium.app/Contents/MacOS/Chromium, --version]
14:22:17.951 [TestNG-tests-1] DEBUG io.github.bonigarcia.wdm.Shell - There was a problem executing command </Applications/Chromium.app/Contents/MacOS/Chromium --version> on the shell: Cannot run program "/Applications/Chromium.app/Contents/MacOS/Chromium" (in directory "."): error=2, No such file or directory
14:22:17.951 [TestNG-tests-1] DEBUG io.github.bonigarcia.wdm.Shell - Result: 
14:22:17.951 [TestNG-tests-1] DEBUG io.github.bonigarcia.wdm.WebDriverManager - The proper chromedriver version for your Chromium is unknown ... trying with the latest
14:22:18.075 [TestNG-tests-1] DEBUG io.github.bonigarcia.wdm.WebDriverManager - Latest version of chromedriver according to https://chromedriver.storage.googleapis.com/LATEST_RELEASE is 83.0.4103.39
14:22:18.087 [TestNG-tests-1] DEBUG io.github.bonigarcia.wdm.WebDriverManager - Driver chromedriver 83.0.4103.39 found in cache
14:22:18.094 [TestNG-tests-1] INFO io.github.bonigarcia.wdm.WebDriverManager - Exporting webdriver.chrome.driver as /Users/slava/.m2/repository/webdriver/chromedriver/mac64/83.0.4103.39/chromedriver
14:22:18.519 [Forwarding newSession on session null to remote] DEBUG io.netty.channel.DefaultChannelId - -Dio.netty.processId: 41521 (auto-detected)
14:22:18.522 [Forwarding newSession on session null to remote] DEBUG io.netty.util.NetUtil - -Djava.net.preferIPv4Stack: false
14:22:18.522 [Forwarding newSession on session null to remote] DEBUG io.netty.util.NetUtil - -Djava.net.preferIPv6Addresses: false
14:22:18.527 [Forwarding newSession on session null to remote] DEBUG io.netty.util.NetUtil - Loopback interface: lo0 (lo0, 0:0:0:0:0:0:0:1%lo0)
14:22:18.528 [Forwarding newSession on session null to remote] DEBUG io.netty.util.NetUtil - Failed to get SOMAXCONN from sysctl and file /proc/sys/net/core/somaxconn. Default: 128
14:22:18.533 [Forwarding newSession on session null to remote] DEBUG io.netty.channel.DefaultChannelId - -Dio.netty.machineId: 60:f8:1d:ff:fe:aa:7b:ba (auto-detected)
14:22:18.732 [AsyncHttpClient-7-1] DEBUG io.netty.buffer.AbstractByteBuf - -Dio.netty.buffer.checkAccessible: true
14:22:18.733 [AsyncHttpClient-7-1] DEBUG io.netty.buffer.AbstractByteBuf - -Dio.netty.buffer.checkBounds: true
14:22:18.733 [AsyncHttpClient-7-1] DEBUG io.netty.util.ResourceLeakDetectorFactory - Loaded default ResourceLeakDetector: io.netty.util.ResourceLeakDetector@4a8fbb07
14:22:18.770 [AsyncHttpClient-3-1] DEBUG org.asynchttpclient.netty.channel.NettyConnectListener - Using new Channel '[id: 0xb807b9e4, L:/127.0.0.1:55095 - R:localhost/127.0.0.1:40676]' for 'POST' to '/session'
14:22:18.770 [AsyncHttpClient-7-1] DEBUG org.asynchttpclient.netty.channel.NettyConnectListener - Using new Channel '[id: 0x04d7a85a, L:/127.0.0.1:55096 - R:localhost/127.0.0.1:21339]' for 'POST' to '/session'
14:22:18.770 [AsyncHttpClient-11-1] DEBUG org.asynchttpclient.netty.channel.NettyConnectListener - Using new Channel '[id: 0xff968a17, L:/127.0.0.1:55097 - R:localhost/127.0.0.1:44169]' for 'POST' to '/session'
14:22:18.818 [AsyncHttpClient-11-1] DEBUG io.netty.util.Recycler - -Dio.netty.recycler.maxCapacityPerThread: 4096
14:22:18.818 [AsyncHttpClient-11-1] DEBUG io.netty.util.Recycler - -Dio.netty.recycler.maxSharedCapacityFactor: 2
14:22:18.818 [AsyncHttpClient-11-1] DEBUG io.netty.util.Recycler - -Dio.netty.recycler.linkCapacity: 16
14:22:18.818 [AsyncHttpClient-11-1] DEBUG io.netty.util.Recycler - -Dio.netty.recycler.ratio: 8
14:22:25.475 [AsyncHttpClient-7-1] DEBUG org.asynchttpclient.netty.handler.HttpHandler - 

Request DefaultHttpRequest(decodeResult: success, version: HTTP/1.1)
POST /session HTTP/1.1
User-Agent: selenium/4.0.0-alpha-4 (java mac)
Content-Length: 425
Content-Type: application/json; charset=utf-8
host: localhost:21339
accept: */*

Response DefaultHttpResponse(decodeResult: success, version: HTTP/1.1)
HTTP/1.1 200 OK
Content-Length: 727
Content-Type: application/json; charset=utf-8
cache-control: no-cache

14:22:25.475 [AsyncHttpClient-11-1] DEBUG org.asynchttpclient.netty.handler.HttpHandler - 

Request DefaultHttpRequest(decodeResult: success, version: HTTP/1.1)
POST /session HTTP/1.1
User-Agent: selenium/4.0.0-alpha-4 (java mac)
Content-Length: 425
Content-Type: application/json; charset=utf-8
host: localhost:44169
accept: */*

Response DefaultHttpResponse(decodeResult: success, version: HTTP/1.1)
HTTP/1.1 200 OK
Content-Length: 727
Content-Type: application/json; charset=utf-8
cache-control: no-cache

14:22:25.497 [AsyncHttpClient-11-1] DEBUG org.asynchttpclient.netty.channel.ChannelManager - Adding key: http://localhost:44169 for channel [id: 0xff968a17, L:/127.0.0.1:55097 - R:localhost/127.0.0.1:44169]
14:22:25.497 [AsyncHttpClient-7-1] DEBUG org.asynchttpclient.netty.channel.ChannelManager - Adding key: http://localhost:21339 for channel [id: 0x04d7a85a, L:/127.0.0.1:55096 - R:localhost/127.0.0.1:21339]
14:22:25.645 [AsyncHttpClient-timer-6-1] DEBUG org.asynchttpclient.netty.channel.DefaultChannelPool - Entry count for : http://localhost:21339 : 1
14:22:25.773 [AsyncHttpClient-15-1] DEBUG org.asynchttpclient.netty.channel.NettyConnectListener - Using new Channel '[id: 0xc044256a, L:/127.0.0.1:55109 - R:localhost/127.0.0.1:55099]' for 'GET' to '/json/version'
14:22:25.799 [AsyncHttpClient-15-1] DEBUG org.asynchttpclient.netty.handler.HttpHandler - 

Request DefaultFullHttpRequest(decodeResult: success, version: HTTP/1.1, content: EmptyByteBufBE)
GET /json/version HTTP/1.1
User-Agent: selenium/4.0.0-alpha-4 (java mac)
host: localhost:55099
accept: */*

Response DefaultHttpResponse(decodeResult: success, version: HTTP/1.1)
HTTP/1.1 200 OK
Content-Length: 424
Content-Type: application/json; charset=UTF-8

14:22:25.800 [AsyncHttpClient-timer-10-1] DEBUG org.asynchttpclient.netty.channel.DefaultChannelPool - Entry count for : http://localhost:44169 : 1
14:22:25.800 [AsyncHttpClient-15-1] DEBUG org.asynchttpclient.netty.channel.ChannelManager - Adding key: http://localhost:55099 for channel [id: 0xc044256a, L:/127.0.0.1:55109 - R:localhost/127.0.0.1:55099]
14:22:25.806 [AsyncHttpClient-19-1] DEBUG org.asynchttpclient.netty.channel.NettyConnectListener - Using new Channel '[id: 0x363eae34, L:/127.0.0.1:55111 - R:localhost/127.0.0.1:55098]' for 'GET' to '/json/version'
14:22:25.826 [AsyncHttpClient-19-1] DEBUG org.asynchttpclient.netty.handler.HttpHandler - 

Request DefaultFullHttpRequest(decodeResult: success, version: HTTP/1.1, content: EmptyByteBufBE)
GET /json/version HTTP/1.1
User-Agent: selenium/4.0.0-alpha-4 (java mac)
host: localhost:55098
accept: */*

Response DefaultHttpResponse(decodeResult: success, version: HTTP/1.1)
HTTP/1.1 200 OK
Content-Length: 424
Content-Type: application/json; charset=UTF-8

14:22:25.830 [AsyncHttpClient-19-1] DEBUG org.asynchttpclient.netty.channel.ChannelManager - Adding key: http://localhost:55098 for channel [id: 0x363eae34, L:/127.0.0.1:55111 - R:localhost/127.0.0.1:55098]
14:22:25.839 [TestNG-tests-2] DEBUG io.netty.util.internal.ThreadLocalRandom - -Dio.netty.initialSeedUniquifier: 0x642b3aeaffe257e4
14:22:25.906 [AsyncHttpClient-21-1] DEBUG org.asynchttpclient.netty.channel.NettyConnectListener - Using new Channel '[id: 0x71a788f1, L:/127.0.0.1:55113 - R:localhost/127.0.0.1:55098]' for 'GET' to '/devtools/browser/02ed7314-065d-4b62-8f35-40264f03d08e'
14:22:25.906 [AsyncHttpClient-17-1] DEBUG org.asynchttpclient.netty.channel.NettyConnectListener - Using new Channel '[id: 0x96f5035e, L:/127.0.0.1:55112 - R:localhost/127.0.0.1:55099]' for 'GET' to '/devtools/browser/36a99081-4005-430b-8019-3840bfb4aa13'
14:22:25.953 [AsyncHttpClient-21-1] DEBUG org.asynchttpclient.netty.handler.WebSocketHandler - 

Request DefaultFullHttpRequest(decodeResult: success, version: HTTP/1.1, content: EmptyByteBufBE)
GET /devtools/browser/02ed7314-065d-4b62-8f35-40264f03d08e HTTP/1.1
upgrade: websocket
connection: upgrade
sec-websocket-key: rBhK4viJCUWGEf/fKlgrBw==
sec-websocket-version: 13
origin: http://localhost:55098
host: localhost:55098
accept: */*
user-agent: AHC/2.1

Response DefaultHttpResponse(decodeResult: success, version: HTTP/1.1)
HTTP/1.1 101 WebSocket Protocol Handshake
Upgrade: WebSocket
Connection: Upgrade
Sec-WebSocket-Accept: N7su5Xi0r9xG0pbFVvZGYlInJvE=

14:22:25.954 [AsyncHttpClient-17-1] DEBUG org.asynchttpclient.netty.handler.WebSocketHandler - 

Request DefaultFullHttpRequest(decodeResult: success, version: HTTP/1.1, content: EmptyByteBufBE)
GET /devtools/browser/36a99081-4005-430b-8019-3840bfb4aa13 HTTP/1.1
upgrade: websocket
connection: upgrade
sec-websocket-key: abnlvtFDLd2UUpuLFHeWXA==
sec-websocket-version: 13
origin: http://localhost:55099
host: localhost:55099
accept: */*
user-agent: AHC/2.1

Response DefaultHttpResponse(decodeResult: success, version: HTTP/1.1)
HTTP/1.1 101 WebSocket Protocol Handshake
Upgrade: WebSocket
Connection: Upgrade
Sec-WebSocket-Accept: MLlufKUGaI+rV1zW3gidS4AyeGQ=

chrome
Test2Thread13
chrome
Test2Thread14
14:22:26.003 [Forwarding get on session 7ff7c3443e8196b1b679dd4cc290bacd to remote] DEBUG org.asynchttpclient.netty.request.NettyRequestSender - Using pooled Channel '[id: 0xff968a17, L:/127.0.0.1:55097 - R:localhost/127.0.0.1:44169]' for 'POST' to 'http://localhost:44169/session/7ff7c3443e8196b1b679dd4cc290bacd/url'
14:22:26.003 [Forwarding get on session 7ff7c3443e8196b1b679dd4cc290bacd to remote] DEBUG org.asynchttpclient.netty.request.NettyRequestSender - Using open Channel [id: 0xff968a17, L:/127.0.0.1:55097 - R:localhost/127.0.0.1:44169] for POST '/session/7ff7c3443e8196b1b679dd4cc290bacd/url'
14:22:26.005 [Forwarding get on session 93e11d8b74972ce2b9ddba9de10af003 to remote] DEBUG org.asynchttpclient.netty.request.NettyRequestSender - Using pooled Channel '[id: 0x04d7a85a, L:/127.0.0.1:55096 - R:localhost/127.0.0.1:21339]' for 'POST' to 'http://localhost:21339/session/93e11d8b74972ce2b9ddba9de10af003/url'
14:22:26.006 [Forwarding get on session 93e11d8b74972ce2b9ddba9de10af003 to remote] DEBUG org.asynchttpclient.netty.request.NettyRequestSender - Using open Channel [id: 0x04d7a85a, L:/127.0.0.1:55096 - R:localhost/127.0.0.1:21339] for POST '/session/93e11d8b74972ce2b9ddba9de10af003/url'
14:22:26.376 [AsyncHttpClient-3-1] DEBUG org.asynchttpclient.netty.handler.HttpHandler - 

Request DefaultHttpRequest(decodeResult: success, version: HTTP/1.1)
POST /session HTTP/1.1
User-Agent: selenium/4.0.0-alpha-4 (java mac)
Content-Length: 230
Content-Type: application/json; charset=utf-8
host: localhost:40676
accept: */*

Response DefaultHttpResponse(decodeResult: success, version: HTTP/1.1)
HTTP/1.1 200 OK
Date: Fri, 19 Jun 2020 13:22:26 GMT
Accept-Ranges: bytes
Content-Type: application/json;charset=UTF-8
Content-Length: 401
Server: SafariDriver/1.0
Connection: keep-alive

14:22:26.378 [AsyncHttpClient-3-1] DEBUG org.asynchttpclient.netty.channel.ChannelManager - Adding key: http://localhost:40676 for channel [id: 0xb807b9e4, L:/127.0.0.1:55095 - R:localhost/127.0.0.1:40676]
safari
Test2Thread15
14:22:26.390 [Forwarding get on session A6B2AF3B-59EE-4AE5-9115-EB694DEE4BEB to remote] DEBUG org.asynchttpclient.netty.request.NettyRequestSender - Using pooled Channel '[id: 0xb807b9e4, L:/127.0.0.1:55095 - R:localhost/127.0.0.1:40676]' for 'POST' to 'http://localhost:40676/session/A6B2AF3B-59EE-4AE5-9115-EB694DEE4BEB/url'
14:22:26.390 [Forwarding get on session A6B2AF3B-59EE-4AE5-9115-EB694DEE4BEB to remote] DEBUG org.asynchttpclient.netty.request.NettyRequestSender - Using open Channel [id: 0xb807b9e4, L:/127.0.0.1:55095 - R:localhost/127.0.0.1:40676] for POST '/session/A6B2AF3B-59EE-4AE5-9115-EB694DEE4BEB/url'
14:22:26.812 [AsyncHttpClient-timer-14-1] DEBUG org.asynchttpclient.netty.channel.DefaultChannelPool - Entry count for : http://localhost:55099 : 1
14:22:26.855 [AsyncHttpClient-timer-18-1] DEBUG org.asynchttpclient.netty.channel.DefaultChannelPool - Entry count for : http://localhost:55098 : 1
14:22:27.914 [AsyncHttpClient-timer-14-1] DEBUG org.asynchttpclient.netty.channel.DefaultChannelPool - Entry count for : http://localhost:55099 : 1
14:22:27.941 [AsyncHttpClient-timer-18-1] DEBUG org.asynchttpclient.netty.channel.DefaultChannelPool - Entry count for : http://localhost:55098 : 1
14:22:28.159 [AsyncHttpClient-3-1] DEBUG org.asynchttpclient.netty.handler.HttpHandler - 

Request DefaultHttpRequest(decodeResult: success, version: HTTP/1.1)
POST /session/A6B2AF3B-59EE-4AE5-9115-EB694DEE4BEB/url HTTP/1.1
User-Agent: selenium/4.0.0-alpha-4 (java mac)
Content-Length: 42
Content-Type: application/json; charset=utf-8
host: localhost:40676
accept: */*

Response DefaultHttpResponse(decodeResult: success, version: HTTP/1.1)
HTTP/1.1 200 OK
Date: Fri, 19 Jun 2020 13:22:28 GMT
Accept-Ranges: bytes
Content-Type: application/json;charset=UTF-8
Content-Length: 74
Server: SafariDriver/1.0
Connection: keep-alive

14:22:28.160 [AsyncHttpClient-3-1] DEBUG org.asynchttpclient.netty.channel.ChannelManager - Adding key: http://localhost:40676 for channel [id: 0xb807b9e4, L:/127.0.0.1:55095 - R:localhost/127.0.0.1:40676]
14:22:28.176 [Forwarding findElement on session A6B2AF3B-59EE-4AE5-9115-EB694DEE4BEB to remote] DEBUG org.asynchttpclient.netty.request.NettyRequestSender - Using pooled Channel '[id: 0xb807b9e4, L:/127.0.0.1:55095 - R:localhost/127.0.0.1:40676]' for 'POST' to 'http://localhost:40676/session/A6B2AF3B-59EE-4AE5-9115-EB694DEE4BEB/element'
14:22:28.176 [Forwarding findElement on session A6B2AF3B-59EE-4AE5-9115-EB694DEE4BEB to remote] DEBUG org.asynchttpclient.netty.request.NettyRequestSender - Using open Channel [id: 0xb807b9e4, L:/127.0.0.1:55095 - R:localhost/127.0.0.1:40676] for POST '/session/A6B2AF3B-59EE-4AE5-9115-EB694DEE4BEB/element'
14:22:29.020 [AsyncHttpClient-timer-14-1] DEBUG org.asynchttpclient.netty.channel.DefaultChannelPool - Entry count for : http://localhost:55099 : 1
14:22:29.046 [AsyncHttpClient-timer-18-1] DEBUG org.asynchttpclient.netty.channel.DefaultChannelPool - Entry count for : http://localhost:55098 : 1
14:22:29.112 [AsyncHttpClient-3-1] DEBUG org.asynchttpclient.netty.handler.HttpHandler - 

Request DefaultHttpRequest(decodeResult: success, version: HTTP/1.1)
POST /session/A6B2AF3B-59EE-4AE5-9115-EB694DEE4BEB/element HTTP/1.1
User-Agent: selenium/4.0.0-alpha-4 (java mac)
Content-Length: 37
Content-Type: application/json; charset=utf-8
host: localhost:40676
accept: */*

Response DefaultHttpResponse(decodeResult: success, version: HTTP/1.1)
HTTP/1.1 200 OK
Date: Fri, 19 Jun 2020 13:22:29 GMT
Accept-Ranges: bytes
Content-Type: application/json;charset=UTF-8
Content-Length: 127
Server: SafariDriver/1.0
Connection: keep-alive

14:22:29.116 [AsyncHttpClient-3-1] DEBUG org.asynchttpclient.netty.channel.ChannelManager - Adding key: http://localhost:40676 for channel [id: 0xb807b9e4, L:/127.0.0.1:55095 - R:localhost/127.0.0.1:40676]
14:22:29.125 [Forwarding sendKeysToElement on session A6B2AF3B-59EE-4AE5-9115-EB694DEE4BEB to remote] DEBUG org.asynchttpclient.netty.request.NettyRequestSender - Using pooled Channel '[id: 0xb807b9e4, L:/127.0.0.1:55095 - R:localhost/127.0.0.1:40676]' for 'POST' to 'http://localhost:40676/session/A6B2AF3B-59EE-4AE5-9115-EB694DEE4BEB/element/node-2BD55F9D-B00C-4467-A83A-BB5580DAEBC1/value'
14:22:29.125 [Forwarding sendKeysToElement on session A6B2AF3B-59EE-4AE5-9115-EB694DEE4BEB to remote] DEBUG org.asynchttpclient.netty.request.NettyRequestSender - Using open Channel [id: 0xb807b9e4, L:/127.0.0.1:55095 - R:localhost/127.0.0.1:40676] for POST '/session/A6B2AF3B-59EE-4AE5-9115-EB694DEE4BEB/element/node-2BD55F9D-B00C-4467-A83A-BB5580DAEBC1/value'
14:22:30.019 [AsyncHttpClient-3-1] DEBUG org.asynchttpclient.netty.handler.HttpHandler - 

Request DefaultHttpRequest(decodeResult: success, version: HTTP/1.1)
POST /session/A6B2AF3B-59EE-4AE5-9115-EB694DEE4BEB/element/node-2BD55F9D-B00C-4467-A83A-BB5580DAEBC1/value HTTP/1.1
User-Agent: selenium/4.0.0-alpha-4 (java mac)
Content-Length: 82
Content-Type: application/json; charset=utf-8
host: localhost:40676
accept: */*

Response DefaultHttpResponse(decodeResult: success, version: HTTP/1.1)
HTTP/1.1 200 OK
Date: Fri, 19 Jun 2020 13:22:30 GMT
Accept-Ranges: bytes
Content-Type: application/json;charset=UTF-8
Content-Length: 74
Server: SafariDriver/1.0
Connection: keep-alive

14:22:30.019 [AsyncHttpClient-3-1] DEBUG org.asynchttpclient.netty.channel.ChannelManager - Adding key: http://localhost:40676 for channel [id: 0xb807b9e4, L:/127.0.0.1:55095 - R:localhost/127.0.0.1:40676]
14:22:30.115 [AsyncHttpClient-timer-14-1] DEBUG org.asynchttpclient.netty.channel.DefaultChannelPool - Entry count for : http://localhost:55099 : 1
14:22:30.145 [AsyncHttpClient-timer-18-1] DEBUG org.asynchttpclient.netty.channel.DefaultChannelPool - Entry count for : http://localhost:55098 : 1
14:22:30.350 [AsyncHttpClient-timer-1-1] DEBUG org.asynchttpclient.netty.channel.DefaultChannelPool - Entry count for : http://localhost:40676 : 1
14:22:30.983 [AsyncHttpClient-7-1] DEBUG org.asynchttpclient.netty.handler.HttpHandler - 

Request DefaultHttpRequest(decodeResult: success, version: HTTP/1.1)
POST /session/93e11d8b74972ce2b9ddba9de10af003/url HTTP/1.1
User-Agent: selenium/4.0.0-alpha-4 (java mac)
Content-Length: 42
Content-Type: application/json; charset=utf-8
host: localhost:21339
accept: */*

Response DefaultHttpResponse(decodeResult: success, version: HTTP/1.1)
HTTP/1.1 200 OK
Content-Length: 14
Content-Type: application/json; charset=utf-8
cache-control: no-cache

14:22:30.983 [AsyncHttpClient-7-1] DEBUG org.asynchttpclient.netty.channel.ChannelManager - Adding key: http://localhost:21339 for channel [id: 0x04d7a85a, L:/127.0.0.1:55096 - R:localhost/127.0.0.1:21339]
14:22:30.988 [Forwarding findElement on session 93e11d8b74972ce2b9ddba9de10af003 to remote] DEBUG org.asynchttpclient.netty.request.NettyRequestSender - Using pooled Channel '[id: 0x04d7a85a, L:/127.0.0.1:55096 - R:localhost/127.0.0.1:21339]' for 'POST' to 'http://localhost:21339/session/93e11d8b74972ce2b9ddba9de10af003/element'
14:22:30.988 [Forwarding findElement on session 93e11d8b74972ce2b9ddba9de10af003 to remote] DEBUG org.asynchttpclient.netty.request.NettyRequestSender - Using open Channel [id: 0x04d7a85a, L:/127.0.0.1:55096 - R:localhost/127.0.0.1:21339] for POST '/session/93e11d8b74972ce2b9ddba9de10af003/element'
14:22:31.013 [AsyncHttpClient-7-1] DEBUG org.asynchttpclient.netty.handler.HttpHandler - 

Request DefaultHttpRequest(decodeResult: success, version: HTTP/1.1)
POST /session/93e11d8b74972ce2b9ddba9de10af003/element HTTP/1.1
User-Agent: selenium/4.0.0-alpha-4 (java mac)
Content-Length: 55
Content-Type: application/json; charset=utf-8
host: localhost:21339
accept: */*

Response DefaultHttpResponse(decodeResult: success, version: HTTP/1.1)
HTTP/1.1 200 OK
Content-Length: 88
Content-Type: application/json; charset=utf-8
cache-control: no-cache

14:22:31.014 [AsyncHttpClient-7-1] DEBUG org.asynchttpclient.netty.channel.ChannelManager - Adding key: http://localhost:21339 for channel [id: 0x04d7a85a, L:/127.0.0.1:55096 - R:localhost/127.0.0.1:21339]
14:22:31.024 [Forwarding sendKeysToElement on session 93e11d8b74972ce2b9ddba9de10af003 to remote] DEBUG org.asynchttpclient.netty.request.NettyRequestSender - Using pooled Channel '[id: 0x04d7a85a, L:/127.0.0.1:55096 - R:localhost/127.0.0.1:21339]' for 'POST' to 'http://localhost:21339/session/93e11d8b74972ce2b9ddba9de10af003/element/4755702f-feb5-4629-b36a-aa9f7337ebc6/value'
14:22:31.024 [Forwarding sendKeysToElement on session 93e11d8b74972ce2b9ddba9de10af003 to remote] DEBUG org.asynchttpclient.netty.request.NettyRequestSender - Using open Channel [id: 0x04d7a85a, L:/127.0.0.1:55096 - R:localhost/127.0.0.1:21339] for POST '/session/93e11d8b74972ce2b9ddba9de10af003/element/4755702f-feb5-4629-b36a-aa9f7337ebc6/value'
14:22:31.150 [AsyncHttpClient-7-1] DEBUG org.asynchttpclient.netty.handler.HttpHandler - 

Request DefaultHttpRequest(decodeResult: success, version: HTTP/1.1)
POST /session/93e11d8b74972ce2b9ddba9de10af003/element/4755702f-feb5-4629-b36a-aa9f7337ebc6/value HTTP/1.1
User-Agent: selenium/4.0.0-alpha-4 (java mac)
Content-Length: 101
Content-Type: application/json; charset=utf-8
host: localhost:21339
accept: */*

Response DefaultHttpResponse(decodeResult: success, version: HTTP/1.1)
HTTP/1.1 200 OK
Content-Length: 14
Content-Type: application/json; charset=utf-8
cache-control: no-cache

14:22:31.151 [AsyncHttpClient-7-1] DEBUG org.asynchttpclient.netty.channel.ChannelManager - Adding key: http://localhost:21339 for channel [id: 0x04d7a85a, L:/127.0.0.1:55096 - R:localhost/127.0.0.1:21339]
14:22:31.215 [AsyncHttpClient-timer-14-1] DEBUG org.asynchttpclient.netty.channel.DefaultChannelPool - Entry count for : http://localhost:55099 : 1
14:22:31.246 [AsyncHttpClient-timer-18-1] DEBUG org.asynchttpclient.netty.channel.DefaultChannelPool - Entry count for : http://localhost:55098 : 1
14:22:31.449 [AsyncHttpClient-timer-1-1] DEBUG org.asynchttpclient.netty.channel.DefaultChannelPool - Entry count for : http://localhost:40676 : 1
14:22:31.758 [AsyncHttpClient-11-1] DEBUG org.asynchttpclient.netty.handler.HttpHandler - 

Request DefaultHttpRequest(decodeResult: success, version: HTTP/1.1)
POST /session/7ff7c3443e8196b1b679dd4cc290bacd/url HTTP/1.1
User-Agent: selenium/4.0.0-alpha-4 (java mac)
Content-Length: 42
Content-Type: application/json; charset=utf-8
host: localhost:44169
accept: */*

Response DefaultHttpResponse(decodeResult: success, version: HTTP/1.1)
HTTP/1.1 200 OK
Content-Length: 14
Content-Type: application/json; charset=utf-8
cache-control: no-cache

14:22:31.760 [AsyncHttpClient-11-1] DEBUG org.asynchttpclient.netty.channel.ChannelManager - Adding key: http://localhost:44169 for channel [id: 0xff968a17, L:/127.0.0.1:55097 - R:localhost/127.0.0.1:44169]
14:22:31.764 [Forwarding findElement on session 7ff7c3443e8196b1b679dd4cc290bacd to remote] DEBUG org.asynchttpclient.netty.request.NettyRequestSender - Using pooled Channel '[id: 0xff968a17, L:/127.0.0.1:55097 - R:localhost/127.0.0.1:44169]' for 'POST' to 'http://localhost:44169/session/7ff7c3443e8196b1b679dd4cc290bacd/element'
14:22:31.765 [Forwarding findElement on session 7ff7c3443e8196b1b679dd4cc290bacd to remote] DEBUG org.asynchttpclient.netty.request.NettyRequestSender - Using open Channel [id: 0xff968a17, L:/127.0.0.1:55097 - R:localhost/127.0.0.1:44169] for POST '/session/7ff7c3443e8196b1b679dd4cc290bacd/element'
14:22:31.793 [AsyncHttpClient-11-1] DEBUG org.asynchttpclient.netty.handler.HttpHandler - 

Request DefaultHttpRequest(decodeResult: success, version: HTTP/1.1)
POST /session/7ff7c3443e8196b1b679dd4cc290bacd/element HTTP/1.1
User-Agent: selenium/4.0.0-alpha-4 (java mac)
Content-Length: 55
Content-Type: application/json; charset=utf-8
host: localhost:44169
accept: */*

Response DefaultHttpResponse(decodeResult: success, version: HTTP/1.1)
HTTP/1.1 200 OK
Content-Length: 88
Content-Type: application/json; charset=utf-8
cache-control: no-cache

14:22:31.794 [AsyncHttpClient-11-1] DEBUG org.asynchttpclient.netty.channel.ChannelManager - Adding key: http://localhost:44169 for channel [id: 0xff968a17, L:/127.0.0.1:55097 - R:localhost/127.0.0.1:44169]
14:22:31.798 [Forwarding sendKeysToElement on session 7ff7c3443e8196b1b679dd4cc290bacd to remote] DEBUG org.asynchttpclient.netty.request.NettyRequestSender - Using pooled Channel '[id: 0xff968a17, L:/127.0.0.1:55097 - R:localhost/127.0.0.1:44169]' for 'POST' to 'http://localhost:44169/session/7ff7c3443e8196b1b679dd4cc290bacd/element/c3e529f8-49c9-45f8-ae77-369186cd84f5/value'
14:22:31.798 [Forwarding sendKeysToElement on session 7ff7c3443e8196b1b679dd4cc290bacd to remote] DEBUG org.asynchttpclient.netty.request.NettyRequestSender - Using open Channel [id: 0xff968a17, L:/127.0.0.1:55097 - R:localhost/127.0.0.1:44169] for POST '/session/7ff7c3443e8196b1b679dd4cc290bacd/element/c3e529f8-49c9-45f8-ae77-369186cd84f5/value'
14:22:31.923 [AsyncHttpClient-11-1] DEBUG org.asynchttpclient.netty.handler.HttpHandler - 

Request DefaultHttpRequest(decodeResult: success, version: HTTP/1.1)
POST /session/7ff7c3443e8196b1b679dd4cc290bacd/element/c3e529f8-49c9-45f8-ae77-369186cd84f5/value HTTP/1.1
User-Agent: selenium/4.0.0-alpha-4 (java mac)
Content-Length: 101
Content-Type: application/json; charset=utf-8
host: localhost:44169
accept: */*

Response DefaultHttpResponse(decodeResult: success, version: HTTP/1.1)
HTTP/1.1 200 OK
Content-Length: 14
Content-Type: application/json; charset=utf-8
cache-control: no-cache

14:22:31.923 [AsyncHttpClient-11-1] DEBUG org.asynchttpclient.netty.channel.ChannelManager - Adding key: http://localhost:44169 for channel [id: 0xff968a17, L:/127.0.0.1:55097 - R:localhost/127.0.0.1:44169]
14:22:32.227 [AsyncHttpClient-timer-6-1] DEBUG org.asynchttpclient.netty.channel.DefaultChannelPool - Entry count for : http://localhost:21339 : 1
14:22:32.314 [AsyncHttpClient-timer-14-1] DEBUG org.asynchttpclient.netty.channel.DefaultChannelPool - Entry count for : http://localhost:55099 : 1
14:22:32.344 [AsyncHttpClient-timer-18-1] DEBUG org.asynchttpclient.netty.channel.DefaultChannelPool - Entry count for : http://localhost:55098 : 1
14:22:32.403 [AsyncHttpClient-timer-10-1] DEBUG org.asynchttpclient.netty.channel.DefaultChannelPool - Entry count for : http://localhost:44169 : 1
14:22:32.547 [AsyncHttpClient-timer-1-1] DEBUG org.asynchttpclient.netty.channel.DefaultChannelPool - Entry count for : http://localhost:40676 : 1
]]></system-out>
    <system-err><![CDATA[SLF4J: A number (3) of logging calls during the initialization phase have been intercepted and are
SLF4J: now being replayed. These are subject to the filtering rules of the underlying logging system.
SLF4J: See also http://www.slf4j.org/codes.html#replay
Starting ChromeDriver 83.0.4103.39 (ccbf011cb2d2b19b506d844400483861342c20cd-refs/branch-heads/4103@{#416}) on port 21339
Only local connections are allowed.
Please see https://chromedriver.chromium.org/security-considerations for suggestions on keeping ChromeDriver safe.
ChromeDriver was started successfully.
Starting ChromeDriver 83.0.4103.39 (ccbf011cb2d2b19b506d844400483861342c20cd-refs/branch-heads/4103@{#416}) on port 44169
Only local connections are allowed.
Please see https://chromedriver.chromium.org/security-considerations for suggestions on keeping ChromeDriver safe.
ChromeDriver was started successfully.
Jun 19, 2020 2:22:25 P.M. org.openqa.selenium.remote.ProtocolHandshake createSession
INFO: Detected dialect: W3C
Jun 19, 2020 2:22:25 P.M. org.openqa.selenium.remote.ProtocolHandshake createSession
INFO: Detected dialect: W3C
Jun 19, 2020 2:22:26 P.M. org.openqa.selenium.remote.ProtocolHandshake createSession
INFO: Detected dialect: OSS
]]></system-err>
  </testcase>
  <testcase name="paralelTest[chrome](1)" classname="parallel.TestParallelNG" time="7.803">
    <system-out><![CDATA[14:22:33.032 [Forwarding quit on session A6B2AF3B-59EE-4AE5-9115-EB694DEE4BEB to remote] DEBUG org.asynchttpclient.netty.request.NettyRequestSender - Using pooled Channel '[id: 0xb807b9e4, L:/127.0.0.1:55095 - R:localhost/127.0.0.1:40676]' for 'DELETE' to 'http://localhost:40676/session/A6B2AF3B-59EE-4AE5-9115-EB694DEE4BEB'
14:22:33.032 [Forwarding quit on session A6B2AF3B-59EE-4AE5-9115-EB694DEE4BEB to remote] DEBUG org.asynchttpclient.netty.request.NettyRequestSender - Using open Channel [id: 0xb807b9e4, L:/127.0.0.1:55095 - R:localhost/127.0.0.1:40676] for DELETE '/session/A6B2AF3B-59EE-4AE5-9115-EB694DEE4BEB'
14:22:33.326 [AsyncHttpClient-timer-6-1] DEBUG org.asynchttpclient.netty.channel.DefaultChannelPool - Entry count for : http://localhost:21339 : 1
14:22:33.327 [AsyncHttpClient-3-1] DEBUG org.asynchttpclient.netty.handler.HttpHandler - 

Request DefaultFullHttpRequest(decodeResult: success, version: HTTP/1.1, content: EmptyByteBufBE)
DELETE /session/A6B2AF3B-59EE-4AE5-9115-EB694DEE4BEB HTTP/1.1
User-Agent: selenium/4.0.0-alpha-4 (java mac)
host: localhost:40676
accept: */*

Response DefaultHttpResponse(decodeResult: success, version: HTTP/1.1)
HTTP/1.1 200 OK
Date: Fri, 19 Jun 2020 13:22:33 GMT
Accept-Ranges: bytes
Content-Type: application/json;charset=UTF-8
Content-Length: 74
Server: SafariDriver/1.0
Connection: keep-alive

14:22:33.328 [AsyncHttpClient-3-1] DEBUG org.asynchttpclient.netty.channel.ChannelManager - Adding key: http://localhost:40676 for channel [id: 0xb807b9e4, L:/127.0.0.1:55095 - R:localhost/127.0.0.1:40676]
14:22:33.359 [AsyncHttpClient-3-1] DEBUG org.asynchttpclient.netty.handler.HttpHandler - Channel Closed: [id: 0xb807b9e4, L:/127.0.0.1:55095 ! R:localhost/127.0.0.1:40676] with attribute DISCARD
14:22:33.416 [AsyncHttpClient-timer-14-1] DEBUG org.asynchttpclient.netty.channel.DefaultChannelPool - Entry count for : http://localhost:55099 : 1
14:22:33.445 [AsyncHttpClient-timer-18-1] DEBUG org.asynchttpclient.netty.channel.DefaultChannelPool - Entry count for : http://localhost:55098 : 1
14:22:33.500 [AsyncHttpClient-timer-10-1] DEBUG org.asynchttpclient.netty.channel.DefaultChannelPool - Entry count for : http://localhost:44169 : 1
14:22:33.650 [AsyncHttpClient-timer-1-1] DEBUG org.asynchttpclient.netty.channel.DefaultChannelPool - Entry count for : http://localhost:40676 : 1
14:22:33.651 [AsyncHttpClient-timer-1-1] DEBUG org.asynchttpclient.netty.channel.DefaultChannelPool - Adding Candidate expired Channel [id: 0xb807b9e4, L:/127.0.0.1:55095 ! R:localhost/127.0.0.1:40676] isIdleTimeoutExpired=false isRemotelyClosed=true isTtlExpired=false
14:22:33.651 [AsyncHttpClient-timer-1-1] DEBUG org.asynchttpclient.netty.channel.DefaultChannelPool - Closing Idle Channel [id: 0xb807b9e4, L:/127.0.0.1:55095 ! R:localhost/127.0.0.1:40676]
14:22:33.652 [AsyncHttpClient-timer-1-1] DEBUG org.asynchttpclient.netty.channel.DefaultChannelPool - Closed 1 connections out of 1 in 1 ms
14:22:33.737 [AsyncHttpClient-23-1] DEBUG org.asynchttpclient.netty.channel.NettyConnectListener - Using new Channel '[id: 0xb4c37af5, L:/127.0.0.1:55446 - R:localhost/127.0.0.1:25588]' for 'POST' to '/session'
]]></system-out>
  </testcase>
  <testcase name="paralelTest[chrome](1)" classname="parallel.TestParallelNG" time="0.29">
    <system-out><![CDATA[14:22:34.162 [Forwarding quit on session 93e11d8b74972ce2b9ddba9de10af003 to remote] DEBUG org.asynchttpclient.netty.request.NettyRequestSender - Using pooled Channel '[id: 0x04d7a85a, L:/127.0.0.1:55096 - R:localhost/127.0.0.1:21339]' for 'DELETE' to 'http://localhost:21339/session/93e11d8b74972ce2b9ddba9de10af003'
14:22:34.163 [Forwarding quit on session 93e11d8b74972ce2b9ddba9de10af003 to remote] DEBUG org.asynchttpclient.netty.request.NettyRequestSender - Using open Channel [id: 0x04d7a85a, L:/127.0.0.1:55096 - R:localhost/127.0.0.1:21339] for DELETE '/session/93e11d8b74972ce2b9ddba9de10af003'
14:22:34.201 [AsyncHttpClient-15-1] DEBUG org.asynchttpclient.netty.handler.HttpHandler - Channel Closed: [id: 0xc044256a, L:/127.0.0.1:55109 ! R:localhost/127.0.0.1:55099] with attribute DISCARD
14:22:34.209 [AsyncHttpClient-17-1] DEBUG org.asynchttpclient.netty.handler.WebSocketHandler - Unexpected I/O exception on channel [id: 0x96f5035e, L:/127.0.0.1:55112 - R:localhost/127.0.0.1:55099]
java.net.SocketException: Connection reset
	at java.base/sun.nio.ch.SocketChannelImpl.throwConnectionReset(SocketChannelImpl.java:345)
	at java.base/sun.nio.ch.SocketChannelImpl.read(SocketChannelImpl.java:376)
	at io.netty.buffer.PooledByteBuf.setBytes(PooledByteBuf.java:247)
	at io.netty.buffer.AbstractByteBuf.writeBytes(AbstractByteBuf.java:1147)
	at io.netty.channel.socket.nio.NioSocketChannel.doReadBytes(NioSocketChannel.java:350)
	at io.netty.channel.nio.AbstractNioByteChannel$NioByteUnsafe.read(AbstractNioByteChannel.java:148)
	at io.netty.channel.nio.NioEventLoop.processSelectedKey(NioEventLoop.java:700)
	at io.netty.channel.nio.NioEventLoop.processSelectedKeysOptimized(NioEventLoop.java:635)
	at io.netty.channel.nio.NioEventLoop.processSelectedKeys(NioEventLoop.java:552)
	at io.netty.channel.nio.NioEventLoop.run(NioEventLoop.java:514)
	at io.netty.util.concurrent.SingleThreadEventExecutor$6.run(SingleThreadEventExecutor.java:1050)
	at io.netty.util.internal.ThreadExecutorMap$2.run(ThreadExecutorMap.java:74)
	at io.netty.util.concurrent.FastThreadLocalRunnable.run(FastThreadLocalRunnable.java:30)
	at java.base/java.lang.Thread.run(Thread.java:830)
14:22:34.213 [AsyncHttpClient-17-1] DEBUG org.asynchttpclient.netty.handler.WebSocketHandler - Was unable to recover Future: NettyResponseFuture{currentRetry=5,
	isDone=1,
	isCancelled=0,
	asyncHandler=org.asynchttpclient.ws.WebSocketUpgradeHandler@510f3eb5,
	nettyRequest=org.asynchttpclient.netty.request.NettyRequest@728b78ed,
	future=java.util.concurrent.CompletableFuture@5be921c4[Completed normally],
	uri=ws://localhost:55099/devtools/browser/36a99081-4005-430b-8019-3840bfb4aa13,
	keepAlive=true,
	redirectCount=0,
	timeoutsHolder=null,
	inAuth=0,
	touch=1592572954209}
14:22:34.215 [AsyncHttpClient-17-1] DEBUG org.asynchttpclient.netty.channel.ChannelManager - Closing Channel [id: 0x96f5035e, L:/127.0.0.1:55112 - R:localhost/127.0.0.1:55099] 
14:22:34.216 [AsyncHttpClient-17-1] WARN org.asynchttpclient.netty.handler.WebSocketHandler - onError
java.net.SocketException: Connection reset
	at java.base/sun.nio.ch.SocketChannelImpl.throwConnectionReset(SocketChannelImpl.java:345)
	at java.base/sun.nio.ch.SocketChannelImpl.read(SocketChannelImpl.java:376)
	at io.netty.buffer.PooledByteBuf.setBytes(PooledByteBuf.java:247)
	at io.netty.buffer.AbstractByteBuf.writeBytes(AbstractByteBuf.java:1147)
	at io.netty.channel.socket.nio.NioSocketChannel.doReadBytes(NioSocketChannel.java:350)
	at io.netty.channel.nio.AbstractNioByteChannel$NioByteUnsafe.read(AbstractNioByteChannel.java:148)
	at io.netty.channel.nio.NioEventLoop.processSelectedKey(NioEventLoop.java:700)
	at io.netty.channel.nio.NioEventLoop.processSelectedKeysOptimized(NioEventLoop.java:635)
	at io.netty.channel.nio.NioEventLoop.processSelectedKeys(NioEventLoop.java:552)
	at io.netty.channel.nio.NioEventLoop.run(NioEventLoop.java:514)
	at io.netty.util.concurrent.SingleThreadEventExecutor$6.run(SingleThreadEventExecutor.java:1050)
	at io.netty.util.internal.ThreadExecutorMap$2.run(ThreadExecutorMap.java:74)
	at io.netty.util.concurrent.FastThreadLocalRunnable.run(FastThreadLocalRunnable.java:30)
	at java.base/java.lang.Thread.run(Thread.java:830)
14:22:34.216 [AsyncHttpClient-17-1] DEBUG org.asynchttpclient.netty.channel.ChannelManager - Closing Channel [id: 0x96f5035e, L:/127.0.0.1:55112 ! R:localhost/127.0.0.1:55099] 
14:22:34.218 [AsyncHttpClient-7-1] DEBUG org.asynchttpclient.netty.handler.HttpHandler - 

Request DefaultFullHttpRequest(decodeResult: success, version: HTTP/1.1, content: EmptyByteBufBE)
DELETE /session/93e11d8b74972ce2b9ddba9de10af003 HTTP/1.1
User-Agent: selenium/4.0.0-alpha-4 (java mac)
host: localhost:21339
accept: */*

Response DefaultHttpResponse(decodeResult: success, version: HTTP/1.1)
HTTP/1.1 200 OK
Content-Length: 14
Content-Type: application/json; charset=utf-8
cache-control: no-cache

14:22:34.219 [AsyncHttpClient-7-1] DEBUG org.asynchttpclient.netty.channel.ChannelManager - Adding key: http://localhost:21339 for channel [id: 0x04d7a85a, L:/127.0.0.1:55096 - R:localhost/127.0.0.1:21339]
14:22:34.223 [AsyncHttpClient-17-1] DEBUG org.asynchttpclient.netty.handler.WebSocketHandler - Channel Closed: [id: 0x96f5035e, L:/127.0.0.1:55112 ! R:localhost/127.0.0.1:55099] with attribute DISCARD
14:22:34.342 [AsyncHttpClient-7-1] DEBUG org.asynchttpclient.netty.handler.HttpHandler - Channel Closed: [id: 0x04d7a85a, L:/127.0.0.1:55096 ! R:localhost/127.0.0.1:21339] with attribute DISCARD
14:22:34.427 [AsyncHttpClient-timer-6-1] DEBUG org.asynchttpclient.netty.channel.DefaultChannelPool - Entry count for : http://localhost:21339 : 1
14:22:34.427 [AsyncHttpClient-timer-6-1] DEBUG org.asynchttpclient.netty.channel.DefaultChannelPool - Adding Candidate expired Channel [id: 0x04d7a85a, L:/127.0.0.1:55096 ! R:localhost/127.0.0.1:21339] isIdleTimeoutExpired=false isRemotelyClosed=true isTtlExpired=false
14:22:34.427 [AsyncHttpClient-timer-6-1] DEBUG org.asynchttpclient.netty.channel.DefaultChannelPool - Closing Idle Channel [id: 0x04d7a85a, L:/127.0.0.1:55096 ! R:localhost/127.0.0.1:21339]
14:22:34.427 [AsyncHttpClient-timer-6-1] DEBUG org.asynchttpclient.netty.channel.DefaultChannelPool - Closed 1 connections out of 1 in 0 ms
14:22:34.512 [AsyncHttpClient-timer-14-1] DEBUG org.asynchttpclient.netty.channel.DefaultChannelPool - Entry count for : http://localhost:55099 : 1
14:22:34.512 [AsyncHttpClient-timer-14-1] DEBUG org.asynchttpclient.netty.channel.DefaultChannelPool - Adding Candidate expired Channel [id: 0xc044256a, L:/127.0.0.1:55109 ! R:localhost/127.0.0.1:55099] isIdleTimeoutExpired=false isRemotelyClosed=true isTtlExpired=false
14:22:34.513 [AsyncHttpClient-timer-14-1] DEBUG org.asynchttpclient.netty.channel.DefaultChannelPool - Closing Idle Channel [id: 0xc044256a, L:/127.0.0.1:55109 ! R:localhost/127.0.0.1:55099]
14:22:34.513 [AsyncHttpClient-timer-14-1] DEBUG org.asynchttpclient.netty.channel.DefaultChannelPool - Closed 1 connections out of 1 in 1 ms
14:22:34.544 [AsyncHttpClient-timer-18-1] DEBUG org.asynchttpclient.netty.channel.DefaultChannelPool - Entry count for : http://localhost:55098 : 1
14:22:34.599 [AsyncHttpClient-23-1] DEBUG org.asynchttpclient.netty.handler.HttpHandler - 

Request DefaultHttpRequest(decodeResult: success, version: HTTP/1.1)
POST /session HTTP/1.1
User-Agent: selenium/4.0.0-alpha-4 (java mac)
Content-Length: 230
Content-Type: application/json; charset=utf-8
host: localhost:25588
accept: */*

Response DefaultHttpResponse(decodeResult: success, version: HTTP/1.1)
HTTP/1.1 200 OK
Date: Fri, 19 Jun 2020 13:22:34 GMT
Accept-Ranges: bytes
Content-Type: application/json;charset=UTF-8
Content-Length: 401
Server: SafariDriver/1.0
Connection: keep-alive

14:22:34.601 [AsyncHttpClient-23-1] DEBUG org.asynchttpclient.netty.channel.ChannelManager - Adding key: http://localhost:25588 for channel [id: 0xb4c37af5, L:/127.0.0.1:55446 - R:localhost/127.0.0.1:25588]
14:22:34.604 [AsyncHttpClient-timer-10-1] DEBUG org.asynchttpclient.netty.channel.DefaultChannelPool - Entry count for : http://localhost:44169 : 1
safari
Test1Thread 15
14:22:34.619 [Forwarding get on session D38EEC89-D65D-44E7-A7A4-CA3361EAB2C9 to remote] DEBUG org.asynchttpclient.netty.request.NettyRequestSender - Using pooled Channel '[id: 0xb4c37af5, L:/127.0.0.1:55446 - R:localhost/127.0.0.1:25588]' for 'POST' to 'http://localhost:25588/session/D38EEC89-D65D-44E7-A7A4-CA3361EAB2C9/url'
14:22:34.619 [Forwarding get on session D38EEC89-D65D-44E7-A7A4-CA3361EAB2C9 to remote] DEBUG org.asynchttpclient.netty.request.NettyRequestSender - Using open Channel [id: 0xb4c37af5, L:/127.0.0.1:55446 - R:localhost/127.0.0.1:25588] for POST '/session/D38EEC89-D65D-44E7-A7A4-CA3361EAB2C9/url'
14:22:34.879 [TestNG-tests-2] DEBUG io.github.bonigarcia.wdm.Shell - Running command on the shell: [/Applications/Chromium.app/Contents/MacOS/Chromium, --version]
14:22:34.889 [TestNG-tests-2] DEBUG io.github.bonigarcia.wdm.Shell - There was a problem executing command </Applications/Chromium.app/Contents/MacOS/Chromium --version> on the shell: Cannot run program "/Applications/Chromium.app/Contents/MacOS/Chromium" (in directory "."): error=2, No such file or directory
14:22:34.889 [TestNG-tests-2] DEBUG io.github.bonigarcia.wdm.Shell - Result: 
14:22:34.889 [TestNG-tests-2] DEBUG io.github.bonigarcia.wdm.WebDriverManager - The proper chromedriver version for your Chromium is unknown ... trying with the latest
]]></system-out>
    <system-err><![CDATA[Jun 19, 2020 2:22:34 P.M. org.openqa.selenium.remote.ProtocolHandshake createSession
INFO: Detected dialect: OSS
]]></system-err>
  </testcase>
  <testcase name="paralelTest1[chrome](1)" classname="parallel.TestParallelNG" time="10.202">
    <system-out><![CDATA[14:22:34.929 [Forwarding quit on session 7ff7c3443e8196b1b679dd4cc290bacd to remote] DEBUG org.asynchttpclient.netty.request.NettyRequestSender - Using pooled Channel '[id: 0xff968a17, L:/127.0.0.1:55097 - R:localhost/127.0.0.1:44169]' for 'DELETE' to 'http://localhost:44169/session/7ff7c3443e8196b1b679dd4cc290bacd'
14:22:34.929 [Forwarding quit on session 7ff7c3443e8196b1b679dd4cc290bacd to remote] DEBUG org.asynchttpclient.netty.request.NettyRequestSender - Using open Channel [id: 0xff968a17, L:/127.0.0.1:55097 - R:localhost/127.0.0.1:44169] for DELETE '/session/7ff7c3443e8196b1b679dd4cc290bacd'
14:22:34.948 [AsyncHttpClient-21-1] DEBUG org.asynchttpclient.netty.handler.WebSocketHandler - Channel Closed: [id: 0x71a788f1, L:/127.0.0.1:55113 ! R:localhost/127.0.0.1:55098] with attribute NettyResponseFuture{currentRetry=5,
	isDone=1,
	isCancelled=0,
	asyncHandler=org.asynchttpclient.ws.WebSocketUpgradeHandler@5ae86b3d,
	nettyRequest=org.asynchttpclient.netty.request.NettyRequest@1635f537,
	future=java.util.concurrent.CompletableFuture@125dafe0[Completed normally],
	uri=ws://localhost:55098/devtools/browser/02ed7314-065d-4b62-8f35-40264f03d08e,
	keepAlive=true,
	redirectCount=0,
	timeoutsHolder=null,
	inAuth=0,
	touch=1592572945981}
14:22:34.948 [AsyncHttpClient-21-1] DEBUG org.asynchttpclient.netty.channel.ChannelManager - Closing Channel [id: 0x71a788f1, L:/127.0.0.1:55113 ! R:localhost/127.0.0.1:55098] 
14:22:34.984 [AsyncHttpClient-19-1] DEBUG org.asynchttpclient.netty.handler.HttpHandler - Channel Closed: [id: 0x363eae34, L:/127.0.0.1:55111 ! R:localhost/127.0.0.1:55098] with attribute DISCARD
14:22:35.032 [AsyncHttpClient-11-1] DEBUG org.asynchttpclient.netty.handler.HttpHandler - 

Request DefaultFullHttpRequest(decodeResult: success, version: HTTP/1.1, content: EmptyByteBufBE)
DELETE /session/7ff7c3443e8196b1b679dd4cc290bacd HTTP/1.1
User-Agent: selenium/4.0.0-alpha-4 (java mac)
host: localhost:44169
accept: */*

Response DefaultHttpResponse(decodeResult: success, version: HTTP/1.1)
HTTP/1.1 200 OK
Content-Length: 14
Content-Type: application/json; charset=utf-8
cache-control: no-cache

14:22:35.033 [AsyncHttpClient-11-1] DEBUG org.asynchttpclient.netty.channel.ChannelManager - Adding key: http://localhost:44169 for channel [id: 0xff968a17, L:/127.0.0.1:55097 - R:localhost/127.0.0.1:44169]
14:22:35.059 [TestNG-tests-2] DEBUG io.github.bonigarcia.wdm.WebDriverManager - Latest version of chromedriver according to https://chromedriver.storage.googleapis.com/LATEST_RELEASE is 83.0.4103.39
14:22:35.065 [TestNG-tests-2] DEBUG io.github.bonigarcia.wdm.WebDriverManager - Driver chromedriver 83.0.4103.39 found in cache
14:22:35.067 [TestNG-tests-2] INFO io.github.bonigarcia.wdm.WebDriverManager - Exporting webdriver.chrome.driver as /Users/slava/.m2/repository/webdriver/chromedriver/mac64/83.0.4103.39/chromedriver
14:22:35.105 [AsyncHttpClient-11-1] DEBUG org.asynchttpclient.netty.handler.HttpHandler - Channel Closed: [id: 0xff968a17, L:/127.0.0.1:55097 ! R:localhost/127.0.0.1:44169] with attribute DISCARD
14:22:35.180 [AsyncHttpClient-27-1] DEBUG org.asynchttpclient.netty.channel.NettyConnectListener - Using new Channel '[id: 0x758e99da, L:/127.0.0.1:55460 - R:localhost/127.0.0.1:6492]' for 'POST' to '/session'
14:22:35.197 [TestNG-tests-1] DEBUG io.github.bonigarcia.wdm.Shell - Running command on the shell: [/Applications/Chromium.app/Contents/MacOS/Chromium, --version]
14:22:35.204 [TestNG-tests-1] DEBUG io.github.bonigarcia.wdm.Shell - There was a problem executing command </Applications/Chromium.app/Contents/MacOS/Chromium --version> on the shell: Cannot run program "/Applications/Chromium.app/Contents/MacOS/Chromium" (in directory "."): error=2, No such file or directory
14:22:35.204 [TestNG-tests-1] DEBUG io.github.bonigarcia.wdm.Shell - Result: 
14:22:35.204 [TestNG-tests-1] DEBUG io.github.bonigarcia.wdm.WebDriverManager - The proper chromedriver version for your Chromium is unknown ... trying with the latest
14:22:35.311 [TestNG-tests-1] DEBUG io.github.bonigarcia.wdm.WebDriverManager - Latest version of chromedriver according to https://chromedriver.storage.googleapis.com/LATEST_RELEASE is 83.0.4103.39
14:22:35.315 [TestNG-tests-1] DEBUG io.github.bonigarcia.wdm.WebDriverManager - Driver chromedriver 83.0.4103.39 found in cache
14:22:35.316 [TestNG-tests-1] INFO io.github.bonigarcia.wdm.WebDriverManager - Exporting webdriver.chrome.driver as /Users/slava/.m2/repository/webdriver/chromedriver/mac64/83.0.4103.39/chromedriver
14:22:35.419 [AsyncHttpClient-31-1] DEBUG org.asynchttpclient.netty.channel.NettyConnectListener - Using new Channel '[id: 0xda48d11e, L:/127.0.0.1:55468 - R:localhost/127.0.0.1:36070]' for 'POST' to '/session'
14:22:35.646 [AsyncHttpClient-timer-18-1] DEBUG org.asynchttpclient.netty.channel.DefaultChannelPool - Entry count for : http://localhost:55098 : 1
14:22:35.657 [AsyncHttpClient-timer-18-1] DEBUG org.asynchttpclient.netty.channel.DefaultChannelPool - Adding Candidate expired Channel [id: 0x363eae34, L:/127.0.0.1:55111 ! R:localhost/127.0.0.1:55098] isIdleTimeoutExpired=false isRemotelyClosed=true isTtlExpired=false
14:22:35.657 [AsyncHttpClient-timer-18-1] DEBUG org.asynchttpclient.netty.channel.DefaultChannelPool - Closing Idle Channel [id: 0x363eae34, L:/127.0.0.1:55111 ! R:localhost/127.0.0.1:55098]
14:22:35.658 [AsyncHttpClient-timer-18-1] DEBUG org.asynchttpclient.netty.channel.DefaultChannelPool - Closed 1 connections out of 1 in 1 ms
14:22:35.699 [AsyncHttpClient-timer-10-1] DEBUG org.asynchttpclient.netty.channel.DefaultChannelPool - Entry count for : http://localhost:44169 : 1
14:22:35.699 [AsyncHttpClient-timer-10-1] DEBUG org.asynchttpclient.netty.channel.DefaultChannelPool - Adding Candidate expired Channel [id: 0xff968a17, L:/127.0.0.1:55097 ! R:localhost/127.0.0.1:44169] isIdleTimeoutExpired=false isRemotelyClosed=true isTtlExpired=false
14:22:35.699 [AsyncHttpClient-timer-10-1] DEBUG org.asynchttpclient.netty.channel.DefaultChannelPool - Closing Idle Channel [id: 0xff968a17, L:/127.0.0.1:55097 ! R:localhost/127.0.0.1:44169]
14:22:35.699 [AsyncHttpClient-timer-10-1] DEBUG org.asynchttpclient.netty.channel.DefaultChannelPool - Closed 1 connections out of 1 in 0 ms
14:22:37.121 [AsyncHttpClient-27-1] DEBUG org.asynchttpclient.netty.handler.HttpHandler - 

Request DefaultHttpRequest(decodeResult: success, version: HTTP/1.1)
POST /session HTTP/1.1
User-Agent: selenium/4.0.0-alpha-4 (java mac)
Content-Length: 425
Content-Type: application/json; charset=utf-8
host: localhost:6492
accept: */*

Response DefaultHttpResponse(decodeResult: success, version: HTTP/1.1)
HTTP/1.1 200 OK
Content-Length: 727
Content-Type: application/json; charset=utf-8
cache-control: no-cache

14:22:37.121 [AsyncHttpClient-27-1] DEBUG org.asynchttpclient.netty.channel.ChannelManager - Adding key: http://localhost:6492 for channel [id: 0x758e99da, L:/127.0.0.1:55460 - R:localhost/127.0.0.1:6492]
14:22:37.138 [AsyncHttpClient-35-1] DEBUG org.asynchttpclient.netty.channel.NettyConnectListener - Using new Channel '[id: 0xc824d9e9, L:/127.0.0.1:55483 - R:localhost/127.0.0.1:55471]' for 'GET' to '/json/version'
14:22:37.140 [AsyncHttpClient-35-1] DEBUG org.asynchttpclient.netty.handler.HttpHandler - 

Request DefaultFullHttpRequest(decodeResult: success, version: HTTP/1.1, content: EmptyByteBufBE)
GET /json/version HTTP/1.1
User-Agent: selenium/4.0.0-alpha-4 (java mac)
host: localhost:55471
accept: */*

Response DefaultHttpResponse(decodeResult: success, version: HTTP/1.1)
HTTP/1.1 200 OK
Content-Length: 424
Content-Type: application/json; charset=UTF-8

14:22:37.141 [AsyncHttpClient-35-1] DEBUG org.asynchttpclient.netty.channel.ChannelManager - Adding key: http://localhost:55471 for channel [id: 0xc824d9e9, L:/127.0.0.1:55483 - R:localhost/127.0.0.1:55471]
14:22:37.156 [AsyncHttpClient-37-1] DEBUG org.asynchttpclient.netty.channel.NettyConnectListener - Using new Channel '[id: 0x8eacb1c0, L:/127.0.0.1:55486 - R:localhost/127.0.0.1:55471]' for 'GET' to '/devtools/browser/dc275502-e9bd-47d7-9d38-fe2081f17c4f'
14:22:37.170 [AsyncHttpClient-37-1] DEBUG org.asynchttpclient.netty.handler.WebSocketHandler - 

Request DefaultFullHttpRequest(decodeResult: success, version: HTTP/1.1, content: EmptyByteBufBE)
GET /devtools/browser/dc275502-e9bd-47d7-9d38-fe2081f17c4f HTTP/1.1
upgrade: websocket
connection: upgrade
sec-websocket-key: CfN2c1fMVuFlYBIQFctAEg==
sec-websocket-version: 13
origin: http://localhost:55471
host: localhost:55471
accept: */*
user-agent: AHC/2.1

Response DefaultHttpResponse(decodeResult: success, version: HTTP/1.1)
HTTP/1.1 101 WebSocket Protocol Handshake
Upgrade: WebSocket
Connection: Upgrade
Sec-WebSocket-Accept: Qm32AZDn0LrEndthfLwWhtqsRRM=

chrome
Test1Thread 14
14:22:37.176 [Forwarding get on session 8788fc1ac4ea4f3ba1632f4fd145f288 to remote] DEBUG org.asynchttpclient.netty.request.NettyRequestSender - Using pooled Channel '[id: 0x758e99da, L:/127.0.0.1:55460 - R:localhost/127.0.0.1:6492]' for 'POST' to 'http://localhost:6492/session/8788fc1ac4ea4f3ba1632f4fd145f288/url'
14:22:37.176 [Forwarding get on session 8788fc1ac4ea4f3ba1632f4fd145f288 to remote] DEBUG org.asynchttpclient.netty.request.NettyRequestSender - Using open Channel [id: 0x758e99da, L:/127.0.0.1:55460 - R:localhost/127.0.0.1:6492] for POST '/session/8788fc1ac4ea4f3ba1632f4fd145f288/url'
14:22:37.341 [AsyncHttpClient-31-1] DEBUG org.asynchttpclient.netty.handler.HttpHandler - 

Request DefaultHttpRequest(decodeResult: success, version: HTTP/1.1)
POST /session HTTP/1.1
User-Agent: selenium/4.0.0-alpha-4 (java mac)
Content-Length: 425
Content-Type: application/json; charset=utf-8
host: localhost:36070
accept: */*

Response DefaultHttpResponse(decodeResult: success, version: HTTP/1.1)
HTTP/1.1 200 OK
Content-Length: 727
Content-Type: application/json; charset=utf-8
cache-control: no-cache

14:22:37.341 [AsyncHttpClient-31-1] DEBUG org.asynchttpclient.netty.channel.ChannelManager - Adding key: http://localhost:36070 for channel [id: 0xda48d11e, L:/127.0.0.1:55468 - R:localhost/127.0.0.1:36070]
14:22:37.375 [AsyncHttpClient-39-1] DEBUG org.asynchttpclient.netty.channel.NettyConnectListener - Using new Channel '[id: 0xf3add623, L:/127.0.0.1:55491 - R:localhost/127.0.0.1:55474]' for 'GET' to '/json/version'
14:22:37.380 [AsyncHttpClient-39-1] DEBUG org.asynchttpclient.netty.handler.HttpHandler - 

Request DefaultFullHttpRequest(decodeResult: success, version: HTTP/1.1, content: EmptyByteBufBE)
GET /json/version HTTP/1.1
User-Agent: selenium/4.0.0-alpha-4 (java mac)
host: localhost:55474
accept: */*

Response DefaultHttpResponse(decodeResult: success, version: HTTP/1.1)
HTTP/1.1 200 OK
Content-Length: 424
Content-Type: application/json; charset=UTF-8

14:22:37.380 [AsyncHttpClient-39-1] DEBUG org.asynchttpclient.netty.channel.ChannelManager - Adding key: http://localhost:55474 for channel [id: 0xf3add623, L:/127.0.0.1:55491 - R:localhost/127.0.0.1:55474]
14:22:37.407 [AsyncHttpClient-41-1] DEBUG org.asynchttpclient.netty.channel.NettyConnectListener - Using new Channel '[id: 0xeada65f5, L:/127.0.0.1:55492 - R:localhost/127.0.0.1:55474]' for 'GET' to '/devtools/browser/2441ce7c-7c22-4d83-babd-6309fac3d666'
14:22:37.409 [AsyncHttpClient-41-1] DEBUG org.asynchttpclient.netty.handler.WebSocketHandler - 

Request DefaultFullHttpRequest(decodeResult: success, version: HTTP/1.1, content: EmptyByteBufBE)
GET /devtools/browser/2441ce7c-7c22-4d83-babd-6309fac3d666 HTTP/1.1
upgrade: websocket
connection: upgrade
sec-websocket-key: Zychw5DFd/eKuEOEywSACg==
sec-websocket-version: 13
origin: http://localhost:55474
host: localhost:55474
accept: */*
user-agent: AHC/2.1

Response DefaultHttpResponse(decodeResult: success, version: HTTP/1.1)
HTTP/1.1 101 WebSocket Protocol Handshake
Upgrade: WebSocket
Connection: Upgrade
Sec-WebSocket-Accept: KXh6awbqzfbVQcImsl5V4jHJ+DM=

chrome
Test1Thread 13
14:22:37.412 [Forwarding get on session 89f19ba1baf6622886950535eb51811d to remote] DEBUG org.asynchttpclient.netty.request.NettyRequestSender - Using pooled Channel '[id: 0xda48d11e, L:/127.0.0.1:55468 - R:localhost/127.0.0.1:36070]' for 'POST' to 'http://localhost:36070/session/89f19ba1baf6622886950535eb51811d/url'
14:22:37.412 [Forwarding get on session 89f19ba1baf6622886950535eb51811d to remote] DEBUG org.asynchttpclient.netty.request.NettyRequestSender - Using open Channel [id: 0xda48d11e, L:/127.0.0.1:55468 - R:localhost/127.0.0.1:36070] for POST '/session/89f19ba1baf6622886950535eb51811d/url'
14:22:38.234 [AsyncHttpClient-timer-34-1] DEBUG org.asynchttpclient.netty.channel.DefaultChannelPool - Entry count for : http://localhost:55471 : 1
14:22:38.452 [AsyncHttpClient-timer-38-1] DEBUG org.asynchttpclient.netty.channel.DefaultChannelPool - Entry count for : http://localhost:55474 : 1
14:22:39.335 [AsyncHttpClient-timer-34-1] DEBUG org.asynchttpclient.netty.channel.DefaultChannelPool - Entry count for : http://localhost:55471 : 1
14:22:39.552 [AsyncHttpClient-timer-38-1] DEBUG org.asynchttpclient.netty.channel.DefaultChannelPool - Entry count for : http://localhost:55474 : 1
14:22:40.436 [AsyncHttpClient-timer-34-1] DEBUG org.asynchttpclient.netty.channel.DefaultChannelPool - Entry count for : http://localhost:55471 : 1
14:22:40.598 [AsyncHttpClient-23-1] DEBUG org.asynchttpclient.netty.handler.HttpHandler - 

Request DefaultHttpRequest(decodeResult: success, version: HTTP/1.1)
POST /session/D38EEC89-D65D-44E7-A7A4-CA3361EAB2C9/url HTTP/1.1
User-Agent: selenium/4.0.0-alpha-4 (java mac)
Content-Length: 41
Content-Type: application/json; charset=utf-8
host: localhost:25588
accept: */*

Response DefaultHttpResponse(decodeResult: success, version: HTTP/1.1)
HTTP/1.1 200 OK
Date: Fri, 19 Jun 2020 13:22:40 GMT
Accept-Ranges: bytes
Content-Type: application/json;charset=UTF-8
Content-Length: 74
Server: SafariDriver/1.0
Connection: keep-alive

14:22:40.606 [AsyncHttpClient-23-1] DEBUG org.asynchttpclient.netty.channel.ChannelManager - Adding key: http://localhost:25588 for channel [id: 0xb4c37af5, L:/127.0.0.1:55446 - R:localhost/127.0.0.1:25588]
14:22:40.626 [Forwarding findElement on session D38EEC89-D65D-44E7-A7A4-CA3361EAB2C9 to remote] DEBUG org.asynchttpclient.netty.request.NettyRequestSender - Using pooled Channel '[id: 0xb4c37af5, L:/127.0.0.1:55446 - R:localhost/127.0.0.1:25588]' for 'POST' to 'http://localhost:25588/session/D38EEC89-D65D-44E7-A7A4-CA3361EAB2C9/element'
14:22:40.626 [Forwarding findElement on session D38EEC89-D65D-44E7-A7A4-CA3361EAB2C9 to remote] DEBUG org.asynchttpclient.netty.request.NettyRequestSender - Using open Channel [id: 0xb4c37af5, L:/127.0.0.1:55446 - R:localhost/127.0.0.1:25588] for POST '/session/D38EEC89-D65D-44E7-A7A4-CA3361EAB2C9/element'
14:22:40.652 [AsyncHttpClient-timer-38-1] DEBUG org.asynchttpclient.netty.channel.DefaultChannelPool - Entry count for : http://localhost:55474 : 1
14:22:41.535 [AsyncHttpClient-timer-34-1] DEBUG org.asynchttpclient.netty.channel.DefaultChannelPool - Entry count for : http://localhost:55471 : 1
14:22:41.752 [AsyncHttpClient-timer-38-1] DEBUG org.asynchttpclient.netty.channel.DefaultChannelPool - Entry count for : http://localhost:55474 : 1
14:22:42.636 [AsyncHttpClient-timer-34-1] DEBUG org.asynchttpclient.netty.channel.DefaultChannelPool - Entry count for : http://localhost:55471 : 1
14:22:42.851 [AsyncHttpClient-timer-38-1] DEBUG org.asynchttpclient.netty.channel.DefaultChannelPool - Entry count for : http://localhost:55474 : 1
14:22:43.688 [AsyncHttpClient-23-1] DEBUG org.asynchttpclient.netty.handler.HttpHandler - 

Request DefaultHttpRequest(decodeResult: success, version: HTTP/1.1)
POST /session/D38EEC89-D65D-44E7-A7A4-CA3361EAB2C9/element HTTP/1.1
User-Agent: selenium/4.0.0-alpha-4 (java mac)
Content-Length: 38
Content-Type: application/json; charset=utf-8
host: localhost:25588
accept: */*

Response DefaultHttpResponse(decodeResult: success, version: HTTP/1.1)
HTTP/1.1 200 OK
Date: Fri, 19 Jun 2020 13:22:43 GMT
Accept-Ranges: bytes
Content-Type: application/json;charset=UTF-8
Content-Length: 127
Server: SafariDriver/1.0
Connection: keep-alive

14:22:43.690 [AsyncHttpClient-23-1] DEBUG org.asynchttpclient.netty.channel.ChannelManager - Adding key: http://localhost:25588 for channel [id: 0xb4c37af5, L:/127.0.0.1:55446 - R:localhost/127.0.0.1:25588]
14:22:43.702 [Forwarding sendKeysToElement on session D38EEC89-D65D-44E7-A7A4-CA3361EAB2C9 to remote] DEBUG org.asynchttpclient.netty.request.NettyRequestSender - Using pooled Channel '[id: 0xb4c37af5, L:/127.0.0.1:55446 - R:localhost/127.0.0.1:25588]' for 'POST' to 'http://localhost:25588/session/D38EEC89-D65D-44E7-A7A4-CA3361EAB2C9/element/node-9EBC14B6-0CB7-470C-AE83-4EDC7351E1AE/value'
14:22:43.702 [Forwarding sendKeysToElement on session D38EEC89-D65D-44E7-A7A4-CA3361EAB2C9 to remote] DEBUG org.asynchttpclient.netty.request.NettyRequestSender - Using open Channel [id: 0xb4c37af5, L:/127.0.0.1:55446 - R:localhost/127.0.0.1:25588] for POST '/session/D38EEC89-D65D-44E7-A7A4-CA3361EAB2C9/element/node-9EBC14B6-0CB7-470C-AE83-4EDC7351E1AE/value'
14:22:43.735 [AsyncHttpClient-timer-34-1] DEBUG org.asynchttpclient.netty.channel.DefaultChannelPool - Entry count for : http://localhost:55471 : 1
14:22:43.855 [AsyncHttpClient-31-1] DEBUG org.asynchttpclient.netty.handler.HttpHandler - 

Request DefaultHttpRequest(decodeResult: success, version: HTTP/1.1)
POST /session/89f19ba1baf6622886950535eb51811d/url HTTP/1.1
User-Agent: selenium/4.0.0-alpha-4 (java mac)
Content-Length: 41
Content-Type: application/json; charset=utf-8
host: localhost:36070
accept: */*

Response DefaultHttpResponse(decodeResult: success, version: HTTP/1.1)
HTTP/1.1 200 OK
Content-Length: 14
Content-Type: application/json; charset=utf-8
cache-control: no-cache

14:22:43.856 [AsyncHttpClient-31-1] DEBUG org.asynchttpclient.netty.channel.ChannelManager - Adding key: http://localhost:36070 for channel [id: 0xda48d11e, L:/127.0.0.1:55468 - R:localhost/127.0.0.1:36070]
14:22:43.863 [Forwarding findElement on session 89f19ba1baf6622886950535eb51811d to remote] DEBUG org.asynchttpclient.netty.request.NettyRequestSender - Using pooled Channel '[id: 0xda48d11e, L:/127.0.0.1:55468 - R:localhost/127.0.0.1:36070]' for 'POST' to 'http://localhost:36070/session/89f19ba1baf6622886950535eb51811d/element'
14:22:43.863 [Forwarding findElement on session 89f19ba1baf6622886950535eb51811d to remote] DEBUG org.asynchttpclient.netty.request.NettyRequestSender - Using open Channel [id: 0xda48d11e, L:/127.0.0.1:55468 - R:localhost/127.0.0.1:36070] for POST '/session/89f19ba1baf6622886950535eb51811d/element'
14:22:43.907 [AsyncHttpClient-27-1] DEBUG org.asynchttpclient.netty.handler.HttpHandler - 

Request DefaultHttpRequest(decodeResult: success, version: HTTP/1.1)
POST /session/8788fc1ac4ea4f3ba1632f4fd145f288/url HTTP/1.1
User-Agent: selenium/4.0.0-alpha-4 (java mac)
Content-Length: 41
Content-Type: application/json; charset=utf-8
host: localhost:6492
accept: */*

Response DefaultHttpResponse(decodeResult: success, version: HTTP/1.1)
HTTP/1.1 200 OK
Content-Length: 14
Content-Type: application/json; charset=utf-8
cache-control: no-cache

14:22:43.908 [AsyncHttpClient-27-1] DEBUG org.asynchttpclient.netty.channel.ChannelManager - Adding key: http://localhost:6492 for channel [id: 0x758e99da, L:/127.0.0.1:55460 - R:localhost/127.0.0.1:6492]
14:22:43.911 [Forwarding findElement on session 8788fc1ac4ea4f3ba1632f4fd145f288 to remote] DEBUG org.asynchttpclient.netty.request.NettyRequestSender - Using pooled Channel '[id: 0x758e99da, L:/127.0.0.1:55460 - R:localhost/127.0.0.1:6492]' for 'POST' to 'http://localhost:6492/session/8788fc1ac4ea4f3ba1632f4fd145f288/element'
14:22:43.911 [Forwarding findElement on session 8788fc1ac4ea4f3ba1632f4fd145f288 to remote] DEBUG org.asynchttpclient.netty.request.NettyRequestSender - Using open Channel [id: 0x758e99da, L:/127.0.0.1:55460 - R:localhost/127.0.0.1:6492] for POST '/session/8788fc1ac4ea4f3ba1632f4fd145f288/element'
14:22:43.937 [AsyncHttpClient-31-1] DEBUG org.asynchttpclient.netty.handler.HttpHandler - 

Request DefaultHttpRequest(decodeResult: success, version: HTTP/1.1)
POST /session/89f19ba1baf6622886950535eb51811d/element HTTP/1.1
User-Agent: selenium/4.0.0-alpha-4 (java mac)
Content-Length: 49
Content-Type: application/json; charset=utf-8
host: localhost:36070
accept: */*

Response DefaultHttpResponse(decodeResult: success, version: HTTP/1.1)
HTTP/1.1 200 OK
Content-Length: 88
Content-Type: application/json; charset=utf-8
cache-control: no-cache

14:22:43.937 [AsyncHttpClient-31-1] DEBUG org.asynchttpclient.netty.channel.ChannelManager - Adding key: http://localhost:36070 for channel [id: 0xda48d11e, L:/127.0.0.1:55468 - R:localhost/127.0.0.1:36070]
14:22:43.943 [Forwarding sendKeysToElement on session 89f19ba1baf6622886950535eb51811d to remote] DEBUG org.asynchttpclient.netty.request.NettyRequestSender - Using pooled Channel '[id: 0xda48d11e, L:/127.0.0.1:55468 - R:localhost/127.0.0.1:36070]' for 'POST' to 'http://localhost:36070/session/89f19ba1baf6622886950535eb51811d/element/b29e1ad8-8de5-403e-a850-e9cf24001562/value'
14:22:43.943 [Forwarding sendKeysToElement on session 89f19ba1baf6622886950535eb51811d to remote] DEBUG org.asynchttpclient.netty.request.NettyRequestSender - Using open Channel [id: 0xda48d11e, L:/127.0.0.1:55468 - R:localhost/127.0.0.1:36070] for POST '/session/89f19ba1baf6622886950535eb51811d/element/b29e1ad8-8de5-403e-a850-e9cf24001562/value'
14:22:43.951 [AsyncHttpClient-timer-38-1] DEBUG org.asynchttpclient.netty.channel.DefaultChannelPool - Entry count for : http://localhost:55474 : 1
14:22:44.007 [AsyncHttpClient-27-1] DEBUG org.asynchttpclient.netty.handler.HttpHandler - 

Request DefaultHttpRequest(decodeResult: success, version: HTTP/1.1)
POST /session/8788fc1ac4ea4f3ba1632f4fd145f288/element HTTP/1.1
User-Agent: selenium/4.0.0-alpha-4 (java mac)
Content-Length: 49
Content-Type: application/json; charset=utf-8
host: localhost:6492
accept: */*

Response DefaultHttpResponse(decodeResult: success, version: HTTP/1.1)
HTTP/1.1 200 OK
Content-Length: 88
Content-Type: application/json; charset=utf-8
cache-control: no-cache

14:22:44.007 [AsyncHttpClient-27-1] DEBUG org.asynchttpclient.netty.channel.ChannelManager - Adding key: http://localhost:6492 for channel [id: 0x758e99da, L:/127.0.0.1:55460 - R:localhost/127.0.0.1:6492]
14:22:44.011 [Forwarding sendKeysToElement on session 8788fc1ac4ea4f3ba1632f4fd145f288 to remote] DEBUG org.asynchttpclient.netty.request.NettyRequestSender - Using pooled Channel '[id: 0x758e99da, L:/127.0.0.1:55460 - R:localhost/127.0.0.1:6492]' for 'POST' to 'http://localhost:6492/session/8788fc1ac4ea4f3ba1632f4fd145f288/element/175d9319-f43f-4943-9938-2778141f9555/value'
14:22:44.011 [Forwarding sendKeysToElement on session 8788fc1ac4ea4f3ba1632f4fd145f288 to remote] DEBUG org.asynchttpclient.netty.request.NettyRequestSender - Using open Channel [id: 0x758e99da, L:/127.0.0.1:55460 - R:localhost/127.0.0.1:6492] for POST '/session/8788fc1ac4ea4f3ba1632f4fd145f288/element/175d9319-f43f-4943-9938-2778141f9555/value'
14:22:44.177 [AsyncHttpClient-31-1] DEBUG org.asynchttpclient.netty.handler.HttpHandler - 

Request DefaultHttpRequest(decodeResult: success, version: HTTP/1.1)
POST /session/89f19ba1baf6622886950535eb51811d/element/b29e1ad8-8de5-403e-a850-e9cf24001562/value HTTP/1.1
User-Agent: selenium/4.0.0-alpha-4 (java mac)
Content-Length: 101
Content-Type: application/json; charset=utf-8
host: localhost:36070
accept: */*

[...]
HTTP/1.1 200 OK
Date: Fri, 19 Jun 2020 13:23:40 GMT
Server: Jetty(9.4.z-SNAPSHOT)
Cache-Control: no-cache
Expires: Thu, 01 Jan 1970 00:00:00 GMT
Content-Type: application/json;charset=utf-8
Content-Length: 76

14:23:40.864 [AsyncHttpClient-105-1] DEBUG org.asynchttpclient.netty.channel.ChannelManager - Adding key: http://localhost:4444 for channel [id: 0x1eb60082, L:/127.0.0.1:56951 - R:localhost/127.0.0.1:4444]
Google3 Test's Page title is: Google Thread Id: 167
14:23:40.865 [Forwarding getTitle on session fc67cc6874eb5e4169ca6fadc1cc2aff to remote] DEBUG org.asynchttpclient.netty.request.NettyRequestSender - Using pooled Channel '[id: 0x1eb60082, L:/127.0.0.1:56951 - R:localhost/127.0.0.1:4444]' for 'GET' to 'http://localhost:4444/wd/hub/session/fc67cc6874eb5e4169ca6fadc1cc2aff/title'
14:23:40.865 [Forwarding getTitle on session fc67cc6874eb5e4169ca6fadc1cc2aff to remote] DEBUG org.asynchttpclient.netty.request.NettyRequestSender - Using open Channel [id: 0x1eb60082, L:/127.0.0.1:56951 - R:localhost/127.0.0.1:4444] for GET '/wd/hub/session/fc67cc6874eb5e4169ca6fadc1cc2aff/title'
14:23:40.875 [AsyncHttpClient-105-1] DEBUG org.asynchttpclient.netty.handler.HttpHandler - 

Request DefaultFullHttpRequest(decodeResult: success, version: HTTP/1.1, content: EmptyByteBufBE)
GET /wd/hub/session/fc67cc6874eb5e4169ca6fadc1cc2aff/title HTTP/1.1
User-Agent: selenium/4.0.0-alpha-4 (java mac)
Cache-Control: no-cache
host: localhost:4444
accept: */*

Response DefaultHttpResponse(decodeResult: success, version: HTTP/1.1)
HTTP/1.1 200 OK
Date: Fri, 19 Jun 2020 13:23:40 GMT
Server: Jetty(9.4.z-SNAPSHOT)
Cache-Control: no-cache
Expires: Thu, 01 Jan 1970 00:00:00 GMT
Content-Type: application/json;charset=utf-8
Content-Length: 76

14:23:40.875 [AsyncHttpClient-105-1] DEBUG org.asynchttpclient.netty.channel.ChannelManager - Adding key: http://localhost:4444 for channel [id: 0x1eb60082, L:/127.0.0.1:56951 - R:localhost/127.0.0.1:4444]
Google3 Test Ended! Thread Id: 167
]]></system-out>
    <system-err><![CDATA[Jun 19, 2020 2:23:40 P.M. org.openqa.selenium.remote.ProtocolHandshake createSession
INFO: Detected dialect: W3C
]]></system-err>
  </testcase>
  <testcase name="GOOGLE2" classname="grid.FirstTest" time="1.214">
    <system-out><![CDATA[14:23:40.878 [Forwarding quit on session fc67cc6874eb5e4169ca6fadc1cc2aff to remote] DEBUG org.asynchttpclient.netty.request.NettyRequestSender - Using pooled Channel '[id: 0x1eb60082, L:/127.0.0.1:56951 - R:localhost/127.0.0.1:4444]' for 'DELETE' to 'http://localhost:4444/wd/hub/session/fc67cc6874eb5e4169ca6fadc1cc2aff'
14:23:40.878 [Forwarding quit on session fc67cc6874eb5e4169ca6fadc1cc2aff to remote] DEBUG org.asynchttpclient.netty.request.NettyRequestSender - Using open Channel [id: 0x1eb60082, L:/127.0.0.1:56951 - R:localhost/127.0.0.1:4444] for DELETE '/wd/hub/session/fc67cc6874eb5e4169ca6fadc1cc2aff'
14:23:41.125 [AsyncHttpClient-105-1] DEBUG org.asynchttpclient.netty.handler.HttpHandler - 

Request DefaultFullHttpRequest(decodeResult: success, version: HTTP/1.1, content: EmptyByteBufBE)
DELETE /wd/hub/session/fc67cc6874eb5e4169ca6fadc1cc2aff HTTP/1.1
User-Agent: selenium/4.0.0-alpha-4 (java mac)
host: localhost:4444
accept: */*

Response DefaultHttpResponse(decodeResult: success, version: HTTP/1.1)
HTTP/1.1 200 OK
Date: Fri, 19 Jun 2020 13:23:40 GMT
Server: Jetty(9.4.z-SNAPSHOT)
Cache-Control: no-cache
Expires: Thu, 01 Jan 1970 00:00:00 GMT
Content-Type: application/json;charset=utf-8
Content-Length: 72

14:23:41.126 [AsyncHttpClient-105-1] DEBUG org.asynchttpclient.netty.channel.ChannelManager - Adding key: http://localhost:4444 for channel [id: 0x1eb60082, L:/127.0.0.1:56951 - R:localhost/127.0.0.1:4444]
14:23:41.791 [AsyncHttpClient-timer-102-1] DEBUG org.asynchttpclient.netty.channel.DefaultChannelPool - Entry count for : http://localhost:4444 : 1
14:23:41.791 [AsyncHttpClient-timer-104-1] DEBUG org.asynchttpclient.netty.channel.DefaultChannelPool - Entry count for : http://localhost:4444 : 1
14:23:41.871 [AsyncHttpClient-109-1] DEBUG org.asynchttpclient.netty.handler.HttpHandler - 

Request DefaultHttpRequest(decodeResult: success, version: HTTP/1.1)
POST /wd/hub/session/2680bdf9f3e62bd303bf879cc43a73b3/url HTTP/1.1
User-Agent: selenium/4.0.0-alpha-4 (java mac)
Content-Length: 46
Content-Type: application/json; charset=utf-8
host: localhost:4444
accept: */*

Response DefaultHttpResponse(decodeResult: success, version: HTTP/1.1)
HTTP/1.1 200 OK
Date: Fri, 19 Jun 2020 13:23:32 GMT
Server: Jetty(9.4.z-SNAPSHOT)
Cache-Control: no-cache
Expires: Thu, 01 Jan 1970 00:00:00 GMT
Content-Type: application/json;charset=utf-8
Content-Length: 72

14:23:41.872 [AsyncHttpClient-109-1] DEBUG org.asynchttpclient.netty.channel.ChannelManager - Adding key: http://localhost:4444 for channel [id: 0x18d77c15, L:/127.0.0.1:56952 - R:localhost/127.0.0.1:4444]
14:23:41.874 [Forwarding getTitle on session 2680bdf9f3e62bd303bf879cc43a73b3 to remote] DEBUG org.asynchttpclient.netty.request.NettyRequestSender - Using pooled Channel '[id: 0x18d77c15, L:/127.0.0.1:56952 - R:localhost/127.0.0.1:4444]' for 'GET' to 'http://localhost:4444/wd/hub/session/2680bdf9f3e62bd303bf879cc43a73b3/title'
14:23:41.874 [Forwarding getTitle on session 2680bdf9f3e62bd303bf879cc43a73b3 to remote] DEBUG org.asynchttpclient.netty.request.NettyRequestSender - Using open Channel [id: 0x18d77c15, L:/127.0.0.1:56952 - R:localhost/127.0.0.1:4444] for GET '/wd/hub/session/2680bdf9f3e62bd303bf879cc43a73b3/title'
14:23:41.889 [AsyncHttpClient-109-1] DEBUG org.asynchttpclient.netty.handler.HttpHandler - 

Request DefaultFullHttpRequest(decodeResult: success, version: HTTP/1.1, content: EmptyByteBufBE)
GET /wd/hub/session/2680bdf9f3e62bd303bf879cc43a73b3/title HTTP/1.1
User-Agent: selenium/4.0.0-alpha-4 (java mac)
Cache-Control: no-cache
host: localhost:4444
accept: */*

Response DefaultHttpResponse(decodeResult: success, version: HTTP/1.1)
HTTP/1.1 200 OK
Date: Fri, 19 Jun 2020 13:23:41 GMT
Server: Jetty(9.4.z-SNAPSHOT)
Cache-Control: no-cache
Expires: Thu, 01 Jan 1970 00:00:00 GMT
Content-Type: application/json;charset=utf-8
Content-Length: 76

14:23:41.890 [AsyncHttpClient-109-1] DEBUG org.asynchttpclient.netty.channel.ChannelManager - Adding key: http://localhost:4444 for channel [id: 0x18d77c15, L:/127.0.0.1:56952 - R:localhost/127.0.0.1:4444]
Google2 Test's Page title is: Google Thread Id: 165
14:23:41.892 [Forwarding getTitle on session 2680bdf9f3e62bd303bf879cc43a73b3 to remote] DEBUG org.asynchttpclient.netty.request.NettyRequestSender - Using pooled Channel '[id: 0x18d77c15, L:/127.0.0.1:56952 - R:localhost/127.0.0.1:4444]' for 'GET' to 'http://localhost:4444/wd/hub/session/2680bdf9f3e62bd303bf879cc43a73b3/title'
14:23:41.892 [Forwarding getTitle on session 2680bdf9f3e62bd303bf879cc43a73b3 to remote] DEBUG org.asynchttpclient.netty.request.NettyRequestSender - Using open Channel [id: 0x18d77c15, L:/127.0.0.1:56952 - R:localhost/127.0.0.1:4444] for GET '/wd/hub/session/2680bdf9f3e62bd303bf879cc43a73b3/title'
14:23:41.906 [AsyncHttpClient-109-1] DEBUG org.asynchttpclient.netty.handler.HttpHandler - 

Request DefaultFullHttpRequest(decodeResult: success, version: HTTP/1.1, content: EmptyByteBufBE)
GET /wd/hub/session/2680bdf9f3e62bd303bf879cc43a73b3/title HTTP/1.1
User-Agent: selenium/4.0.0-alpha-4 (java mac)
Cache-Control: no-cache
host: localhost:4444
accept: */*

Response DefaultHttpResponse(decodeResult: success, version: HTTP/1.1)
HTTP/1.1 200 OK
Date: Fri, 19 Jun 2020 13:23:41 GMT
Server: Jetty(9.4.z-SNAPSHOT)
Cache-Control: no-cache
Expires: Thu, 01 Jan 1970 00:00:00 GMT
Content-Type: application/json;charset=utf-8
Content-Length: 76

14:23:41.907 [AsyncHttpClient-109-1] DEBUG org.asynchttpclient.netty.channel.ChannelManager - Adding key: http://localhost:4444 for channel [id: 0x18d77c15, L:/127.0.0.1:56952 - R:localhost/127.0.0.1:4444]
Google2 Test Ended! Thread Id: 165
]]></system-out>
  </testcase>
  <testcase name="GOOGLE4" classname="grid.SecondTest" time="4.832">
    <system-out><![CDATA[14:23:41.913 [Forwarding quit on session 2680bdf9f3e62bd303bf879cc43a73b3 to remote] DEBUG org.asynchttpclient.netty.request.NettyRequestSender - Using pooled Channel '[id: 0x18d77c15, L:/127.0.0.1:56952 - R:localhost/127.0.0.1:4444]' for 'DELETE' to 'http://localhost:4444/wd/hub/session/2680bdf9f3e62bd303bf879cc43a73b3'
14:23:41.913 [Forwarding quit on session 2680bdf9f3e62bd303bf879cc43a73b3 to remote] DEBUG org.asynchttpclient.netty.request.NettyRequestSender - Using open Channel [id: 0x18d77c15, L:/127.0.0.1:56952 - R:localhost/127.0.0.1:4444] for DELETE '/wd/hub/session/2680bdf9f3e62bd303bf879cc43a73b3'
14:23:42.106 [AsyncHttpClient-109-1] DEBUG org.asynchttpclient.netty.handler.HttpHandler - 

Request DefaultFullHttpRequest(decodeResult: success, version: HTTP/1.1, content: EmptyByteBufBE)
DELETE /wd/hub/session/2680bdf9f3e62bd303bf879cc43a73b3 HTTP/1.1
User-Agent: selenium/4.0.0-alpha-4 (java mac)
host: localhost:4444
accept: */*

Response DefaultHttpResponse(decodeResult: success, version: HTTP/1.1)
HTTP/1.1 200 OK
Date: Fri, 19 Jun 2020 13:23:41 GMT
Server: Jetty(9.4.z-SNAPSHOT)
Cache-Control: no-cache
Expires: Thu, 01 Jan 1970 00:00:00 GMT
Content-Type: application/json;charset=utf-8
Content-Length: 72

14:23:42.106 [AsyncHttpClient-109-1] DEBUG org.asynchttpclient.netty.channel.ChannelManager - Adding key: http://localhost:4444 for channel [id: 0x18d77c15, L:/127.0.0.1:56952 - R:localhost/127.0.0.1:4444]
14:23:42.891 [AsyncHttpClient-timer-102-1] DEBUG org.asynchttpclient.netty.channel.DefaultChannelPool - Entry count for : http://localhost:4444 : 1
14:23:42.891 [AsyncHttpClient-timer-103-1] DEBUG org.asynchttpclient.netty.channel.DefaultChannelPool - Entry count for : http://localhost:4444 : 1
14:23:42.895 [AsyncHttpClient-timer-104-1] DEBUG org.asynchttpclient.netty.channel.DefaultChannelPool - Entry count for : http://localhost:4444 : 1
14:23:43.991 [AsyncHttpClient-timer-102-1] DEBUG org.asynchttpclient.netty.channel.DefaultChannelPool - Entry count for : http://localhost:4444 : 1
14:23:43.991 [AsyncHttpClient-timer-104-1] DEBUG org.asynchttpclient.netty.channel.DefaultChannelPool - Entry count for : http://localhost:4444 : 1
14:23:43.994 [AsyncHttpClient-timer-103-1] DEBUG org.asynchttpclient.netty.channel.DefaultChannelPool - Entry count for : http://localhost:4444 : 1
14:23:45.091 [AsyncHttpClient-timer-102-1] DEBUG org.asynchttpclient.netty.channel.DefaultChannelPool - Entry count for : http://localhost:4444 : 1
14:23:45.091 [AsyncHttpClient-timer-104-1] DEBUG org.asynchttpclient.netty.channel.DefaultChannelPool - Entry count for : http://localhost:4444 : 1
14:23:45.091 [AsyncHttpClient-timer-103-1] DEBUG org.asynchttpclient.netty.channel.DefaultChannelPool - Entry count for : http://localhost:4444 : 1
14:23:45.478 [AsyncHttpClient-119-1] DEBUG org.asynchttpclient.netty.handler.HttpHandler - 

Request DefaultHttpRequest(decodeResult: success, version: HTTP/1.1)
POST /wd/hub/session/42ddba29-c021-5a4d-8441-976e7bad10c3/url HTTP/1.1
User-Agent: selenium/4.0.0-alpha-4 (java mac)
Content-Length: 46
Content-Type: application/json; charset=utf-8
host: localhost:4444
accept: */*

Response DefaultHttpResponse(decodeResult: success, version: HTTP/1.1)
HTTP/1.1 200 OK
Date: Fri, 19 Jun 2020 13:23:40 GMT
Server: Jetty(9.4.z-SNAPSHOT)
Cache-Control: no-cache
Expires: Thu, 01 Jan 1970 00:00:00 GMT
Content-Type: application/json;charset=utf-8
Content-Length: 14

14:23:45.479 [AsyncHttpClient-119-1] DEBUG org.asynchttpclient.netty.channel.ChannelManager - Adding key: http://localhost:4444 for channel [id: 0x031c4cb3, L:/127.0.0.1:56954 - R:localhost/127.0.0.1:4444]
14:23:45.482 [Forwarding getTitle on session 42ddba29-c021-5a4d-8441-976e7bad10c3 to remote] DEBUG org.asynchttpclient.netty.request.NettyRequestSender - Using pooled Channel '[id: 0x031c4cb3, L:/127.0.0.1:56954 - R:localhost/127.0.0.1:4444]' for 'GET' to 'http://localhost:4444/wd/hub/session/42ddba29-c021-5a4d-8441-976e7bad10c3/title'
14:23:45.482 [Forwarding getTitle on session 42ddba29-c021-5a4d-8441-976e7bad10c3 to remote] DEBUG org.asynchttpclient.netty.request.NettyRequestSender - Using open Channel [id: 0x031c4cb3, L:/127.0.0.1:56954 - R:localhost/127.0.0.1:4444] for GET '/wd/hub/session/42ddba29-c021-5a4d-8441-976e7bad10c3/title'
14:23:45.548 [AsyncHttpClient-119-1] DEBUG org.asynchttpclient.netty.handler.HttpHandler - 

Request DefaultFullHttpRequest(decodeResult: success, version: HTTP/1.1, content: EmptyByteBufBE)
GET /wd/hub/session/42ddba29-c021-5a4d-8441-976e7bad10c3/title HTTP/1.1
User-Agent: selenium/4.0.0-alpha-4 (java mac)
Cache-Control: no-cache
host: localhost:4444
accept: */*

Response DefaultHttpResponse(decodeResult: success, version: HTTP/1.1)
HTTP/1.1 200 OK
Date: Fri, 19 Jun 2020 13:23:45 GMT
Server: Jetty(9.4.z-SNAPSHOT)
Cache-Control: no-cache
Expires: Thu, 01 Jan 1970 00:00:00 GMT
Content-Type: application/json;charset=utf-8
Content-Length: 18

14:23:45.548 [AsyncHttpClient-119-1] DEBUG org.asynchttpclient.netty.channel.ChannelManager - Adding key: http://localhost:4444 for channel [id: 0x031c4cb3, L:/127.0.0.1:56954 - R:localhost/127.0.0.1:4444]
Google4 Test's Page title is: Google Thread Id: 164
14:23:45.550 [Forwarding getTitle on session 42ddba29-c021-5a4d-8441-976e7bad10c3 to remote] DEBUG org.asynchttpclient.netty.request.NettyRequestSender - Using pooled Channel '[id: 0x031c4cb3, L:/127.0.0.1:56954 - R:localhost/127.0.0.1:4444]' for 'GET' to 'http://localhost:4444/wd/hub/session/42ddba29-c021-5a4d-8441-976e7bad10c3/title'
14:23:45.550 [Forwarding getTitle on session 42ddba29-c021-5a4d-8441-976e7bad10c3 to remote] DEBUG org.asynchttpclient.netty.request.NettyRequestSender - Using open Channel [id: 0x031c4cb3, L:/127.0.0.1:56954 - R:localhost/127.0.0.1:4444] for GET '/wd/hub/session/42ddba29-c021-5a4d-8441-976e7bad10c3/title'
14:23:45.592 [AsyncHttpClient-119-1] DEBUG org.asynchttpclient.netty.handler.HttpHandler - 

Request DefaultFullHttpRequest(decodeResult: success, version: HTTP/1.1, content: EmptyByteBufBE)
GET /wd/hub/session/42ddba29-c021-5a4d-8441-976e7bad10c3/title HTTP/1.1
User-Agent: selenium/4.0.0-alpha-4 (java mac)
Cache-Control: no-cache
host: localhost:4444
accept: */*

Response DefaultHttpResponse(decodeResult: success, version: HTTP/1.1)
HTTP/1.1 200 OK
Date: Fri, 19 Jun 2020 13:23:45 GMT
Server: Jetty(9.4.z-SNAPSHOT)
Cache-Control: no-cache
Expires: Thu, 01 Jan 1970 00:00:00 GMT
Content-Type: application/json;charset=utf-8
Content-Length: 18

14:23:45.593 [AsyncHttpClient-119-1] DEBUG org.asynchttpclient.netty.channel.ChannelManager - Adding key: http://localhost:4444 for channel [id: 0x031c4cb3, L:/127.0.0.1:56954 - R:localhost/127.0.0.1:4444]
Google4 Test Ended! Thread Id: 164
]]></system-out>
  </testcase>
  <testcase name="YANDEX" classname="grid.SecondTest" time="5.791">
    <system-out><![CDATA[14:23:45.597 [Forwarding quit on session 42ddba29-c021-5a4d-8441-976e7bad10c3 to remote] DEBUG org.asynchttpclient.netty.request.NettyRequestSender - Using pooled Channel '[id: 0x031c4cb3, L:/127.0.0.1:56954 - R:localhost/127.0.0.1:4444]' for 'DELETE' to 'http://localhost:4444/wd/hub/session/42ddba29-c021-5a4d-8441-976e7bad10c3'
14:23:45.597 [Forwarding quit on session 42ddba29-c021-5a4d-8441-976e7bad10c3 to remote] DEBUG org.asynchttpclient.netty.request.NettyRequestSender - Using open Channel [id: 0x031c4cb3, L:/127.0.0.1:56954 - R:localhost/127.0.0.1:4444] for DELETE '/wd/hub/session/42ddba29-c021-5a4d-8441-976e7bad10c3'
14:23:46.194 [AsyncHttpClient-timer-103-1] DEBUG org.asynchttpclient.netty.channel.DefaultChannelPool - Entry count for : http://localhost:4444 : 1
14:23:46.195 [AsyncHttpClient-timer-102-1] DEBUG org.asynchttpclient.netty.channel.DefaultChannelPool - Entry count for : http://localhost:4444 : 1
14:23:46.195 [AsyncHttpClient-timer-104-1] DEBUG org.asynchttpclient.netty.channel.DefaultChannelPool - Entry count for : http://localhost:4444 : 1
14:23:46.491 [AsyncHttpClient-115-1] DEBUG org.asynchttpclient.netty.handler.HttpHandler - 

Request DefaultHttpRequest(decodeResult: success, version: HTTP/1.1)
POST /wd/hub/session/7e4fb69b-b767-e448-af04-1020d7158688/url HTTP/1.1
User-Agent: selenium/4.0.0-alpha-4 (java mac)
Content-Length: 46
Content-Type: application/json; charset=utf-8
host: localhost:4444
accept: */*

Response DefaultHttpResponse(decodeResult: success, version: HTTP/1.1)
HTTP/1.1 200 OK
Date: Fri, 19 Jun 2020 13:23:40 GMT
Server: Jetty(9.4.z-SNAPSHOT)
Cache-Control: no-cache
Expires: Thu, 01 Jan 1970 00:00:00 GMT
Content-Type: application/json;charset=utf-8
Content-Length: 14

14:23:46.492 [AsyncHttpClient-115-1] DEBUG org.asynchttpclient.netty.channel.ChannelManager - Adding key: http://localhost:4444 for channel [id: 0x12aea7a2, L:/127.0.0.1:56955 - R:localhost/127.0.0.1:4444]
14:23:46.494 [Forwarding getTitle on session 7e4fb69b-b767-e448-af04-1020d7158688 to remote] DEBUG org.asynchttpclient.netty.request.NettyRequestSender - Using pooled Channel '[id: 0x12aea7a2, L:/127.0.0.1:56955 - R:localhost/127.0.0.1:4444]' for 'GET' to 'http://localhost:4444/wd/hub/session/7e4fb69b-b767-e448-af04-1020d7158688/title'
14:23:46.494 [Forwarding getTitle on session 7e4fb69b-b767-e448-af04-1020d7158688 to remote] DEBUG org.asynchttpclient.netty.request.NettyRequestSender - Using open Channel [id: 0x12aea7a2, L:/127.0.0.1:56955 - R:localhost/127.0.0.1:4444] for GET '/wd/hub/session/7e4fb69b-b767-e448-af04-1020d7158688/title'
14:23:46.502 [AsyncHttpClient-115-1] DEBUG org.asynchttpclient.netty.handler.HttpHandler - 

Request DefaultFullHttpRequest(decodeResult: success, version: HTTP/1.1, content: EmptyByteBufBE)
GET /wd/hub/session/7e4fb69b-b767-e448-af04-1020d7158688/title HTTP/1.1
User-Agent: selenium/4.0.0-alpha-4 (java mac)
Cache-Control: no-cache
host: localhost:4444
accept: */*

Response DefaultHttpResponse(decodeResult: success, version: HTTP/1.1)
HTTP/1.1 200 OK
Date: Fri, 19 Jun 2020 13:23:46 GMT
Server: Jetty(9.4.z-SNAPSHOT)
Cache-Control: no-cache
Expires: Thu, 01 Jan 1970 00:00:00 GMT
Content-Type: application/json;charset=utf-8
Content-Length: 18

14:23:46.503 [AsyncHttpClient-115-1] DEBUG org.asynchttpclient.netty.channel.ChannelManager - Adding key: http://localhost:4444 for channel [id: 0x12aea7a2, L:/127.0.0.1:56955 - R:localhost/127.0.0.1:4444]
Yandex Test's Page title is: Yandex Thread Id: 166
14:23:46.505 [Forwarding getTitle on session 7e4fb69b-b767-e448-af04-1020d7158688 to remote] DEBUG org.asynchttpclient.netty.request.NettyRequestSender - Using pooled Channel '[id: 0x12aea7a2, L:/127.0.0.1:56955 - R:localhost/127.0.0.1:4444]' for 'GET' to 'http://localhost:4444/wd/hub/session/7e4fb69b-b767-e448-af04-1020d7158688/title'
14:23:46.505 [Forwarding getTitle on session 7e4fb69b-b767-e448-af04-1020d7158688 to remote] DEBUG org.asynchttpclient.netty.request.NettyRequestSender - Using open Channel [id: 0x12aea7a2, L:/127.0.0.1:56955 - R:localhost/127.0.0.1:4444] for GET '/wd/hub/session/7e4fb69b-b767-e448-af04-1020d7158688/title'
14:23:46.557 [AsyncHttpClient-115-1] DEBUG org.asynchttpclient.netty.handler.HttpHandler - 

Request DefaultFullHttpRequest(decodeResult: success, version: HTTP/1.1, content: EmptyByteBufBE)
GET /wd/hub/session/7e4fb69b-b767-e448-af04-1020d7158688/title HTTP/1.1
User-Agent: selenium/4.0.0-alpha-4 (java mac)
Cache-Control: no-cache
host: localhost:4444
accept: */*

Response DefaultHttpResponse(decodeResult: success, version: HTTP/1.1)
HTTP/1.1 200 OK
Date: Fri, 19 Jun 2020 13:23:46 GMT
Server: Jetty(9.4.z-SNAPSHOT)
Cache-Control: no-cache
Expires: Thu, 01 Jan 1970 00:00:00 GMT
Content-Type: application/json;charset=utf-8
Content-Length: 18

14:23:46.558 [AsyncHttpClient-115-1] DEBUG org.asynchttpclient.netty.channel.ChannelManager - Adding key: http://localhost:4444 for channel [id: 0x12aea7a2, L:/127.0.0.1:56955 - R:localhost/127.0.0.1:4444]
Yandex Test Ended! Thread Id: 166
]]></system-out>
  </testcase>
</testsuite>