<?xml version="1.0" encoding="UTF-8"?>
<testng-results ignored="0" total="12" passed="12" failed="0" skipped="0">
  <reporter-output>
  </reporter-output>
  <suite started-at="2020-06-19T14:22:16 IST" name="Suite" finished-at="2020-06-19T14:23:27 IST" duration-ms="70961">
    <groups>
    </groups>
    <test started-at="2020-06-19T14:22:16 IST" name="TEST WITH CHROME1" finished-at="2020-06-19T14:23:27 IST" duration-ms="70961">
      <class name="parallel.TestParallelNG">
        <test-method is-config="true" signature="setup(java.lang.String)[pri:0, instance:parallel.TestParallelNG@69930714]" started-at="2020-06-19T14:22:16 IST" name="setup" finished-at="2020-06-19T14:22:25 IST" duration-ms="9479" status="PASS">
          <params>
            <param index="0">
              <value>
                <![CDATA[chrome]]>
              </value>
            </param>
          </params>
          <reporter-output>
          </reporter-output>
        </test-method> <!-- setup -->
        <test-method signature="paralelTest(java.lang.String)[pri:0, instance:parallel.TestParallelNG@69930714]" started-at="2020-06-19T14:22:25 IST" name="paralelTest" finished-at="2020-06-19T14:22:34 IST" duration-ms="8171" status="PASS">
          <params>
            <param index="0">
              <value>
                <![CDATA[chrome]]>
              </value>
            </param>
          </params>
          <reporter-output>
          </reporter-output>
        </test-method> <!-- paralelTest -->
        <test-method is-config="true" signature="tearDown()[pri:0, instance:parallel.TestParallelNG@69930714]" started-at="2020-06-19T14:22:34 IST" name="tearDown" finished-at="2020-06-19T14:22:34 IST" duration-ms="696" status="PASS">
          <reporter-output>
          </reporter-output>
        </test-method> <!-- tearDown -->
        <test-method is-config="true" signature="setup(java.lang.String)[pri:0, instance:parallel.TestParallelNG@69930714]" started-at="2020-06-19T14:22:34 IST" name="setup" finished-at="2020-06-19T14:22:37 IST" duration-ms="2316" status="PASS">
          <params>
            <param index="0">
              <value>
                <![CDATA[chrome]]>
              </value>
            </param>
          </params>
          <reporter-output>
          </reporter-output>
        </test-method> <!-- setup -->
        <test-method signature="paralelTest1(java.lang.String)[pri:0, instance:parallel.TestParallelNG@69930714]" started-at="2020-06-19T14:22:37 IST" name="paralelTest1" finished-at="2020-06-19T14:22:47 IST" duration-ms="10053" status="PASS">
          <params>
            <param index="0">
              <value>
                <![CDATA[chrome]]>
              </value>
            </param>
          </params>
          <reporter-output>
          </reporter-output>
        </test-method> <!-- paralelTest1 -->
        <test-method is-config="true" signature="tearDown()[pri:0, instance:parallel.TestParallelNG@69930714]" started-at="2020-06-19T14:22:47 IST" name="tearDown" finished-at="2020-06-19T14:22:47 IST" duration-ms="342" status="PASS">
          <reporter-output>
          </reporter-output>
        </test-method> <!-- tearDown -->
        <test-method is-config="true" signature="setup(java.lang.String)[pri:0, instance:parallel.TestParallelNG@69930714]" started-at="2020-06-19T14:22:47 IST" name="setup" finished-at="2020-06-19T14:22:52 IST" duration-ms="4506" status="PASS">
          <params>
            <param index="0">
              <value>
                <![CDATA[chrome]]>
              </value>
            </param>
          </params>
          <reporter-output>
          </reporter-output>
        </test-method> <!-- setup -->
        <test-method signature="paralelTest3(java.lang.String)[pri:0, instance:parallel.TestParallelNG@69930714]" started-at="2020-06-19T14:22:52 IST" name="paralelTest3" finished-at="2020-06-19T14:23:01 IST" duration-ms="9880" status="PASS">
          <params>
            <param index="0">
              <value>
                <![CDATA[chrome]]>
              </value>
            </param>
          </params>
          <reporter-output>
          </reporter-output>
        </test-method> <!-- paralelTest3 -->
        <test-method is-config="true" signature="tearDown()[pri:0, instance:parallel.TestParallelNG@69930714]" started-at="2020-06-19T14:23:01 IST" name="tearDown" finished-at="2020-06-19T14:23:02 IST" duration-ms="357" status="PASS">
          <reporter-output>
          </reporter-output>
        </test-method> <!-- tearDown -->
        <test-method is-config="true" signature="setup(java.lang.String)[pri:0, instance:parallel.TestParallelNG@69930714]" started-at="2020-06-19T14:23:02 IST" name="setup" finished-at="2020-06-19T14:23:04 IST" duration-ms="2604" status="PASS">
          <params>
            <param index="0">
              <value>
                <![CDATA[chrome]]>
              </value>
            </param>
          </params>
          <reporter-output>
          </reporter-output>
        </test-method> <!-- setup -->
        <test-method signature="paralelTest4(java.lang.String)[pri:0, instance:parallel.TestParallelNG@69930714]" started-at="2020-06-19T14:23:04 IST" name="paralelTest4" finished-at="2020-06-19T14:23:14 IST" duration-ms="9252" status="PASS">
          <params>
            <param index="0">
              <value>
                <![CDATA[chrome]]>
              </value>
            </param>
          </params>
          <reporter-output>
          </reporter-output>
        </test-method> <!-- paralelTest4 -->
        <test-method is-config="true" signature="tearDown()[pri:0, instance:parallel.TestParallelNG@69930714]" started-at="2020-06-19T14:23:14 IST" name="tearDown" finished-at="2020-06-19T14:23:14 IST" duration-ms="137" status="PASS">
          <reporter-output>
          </reporter-output>
        </test-method> <!-- tearDown -->
        <test-method is-config="true" signature="setup(java.lang.String)[pri:0, instance:parallel.TestParallelNG@69930714]" started-at="2020-06-19T14:23:14 IST" name="setup" finished-at="2020-06-19T14:23:16 IST" duration-ms="2587" status="PASS">
          <params>
            <param index="0">
              <value>
                <![CDATA[chrome]]>
              </value>
            </param>
          </params>
          <reporter-output>
          </reporter-output>
        </test-method> <!-- setup -->
        <test-method signature="paralelTest5(java.lang.String)[pri:0, instance:parallel.TestParallelNG@69930714]" started-at="2020-06-19T14:23:16 IST" name="paralelTest5" finished-at="2020-06-19T14:23:27 IST" duration-ms="10230" status="PASS">
          <params>
            <param index="0">
              <value>
                <![CDATA[chrome]]>
              </value>
            </param>
          </params>
          <reporter-output>
          </reporter-output>
        </test-method> <!-- paralelTest5 -->
        <test-method is-config="true" signature="tearDown()[pri:0, instance:parallel.TestParallelNG@69930714]" started-at="2020-06-19T14:23:27 IST" name="tearDown" finished-at="2020-06-19T14:23:27 IST" duration-ms="270" status="PASS">
          <reporter-output>
          </reporter-output>
        </test-method> <!-- tearDown -->
        <test-method is-config="true" signature="terminate()[pri:0, instance:parallel.TestParallelNG@69930714]" started-at="2020-06-19T14:23:27 IST" name="terminate" finished-at="2020-06-19T14:23:27 IST" duration-ms="0" status="PASS">
          <reporter-output>
          </reporter-output>
        </test-method> <!-- terminate -->
      </class> <!-- parallel.TestParallelNG -->
    </test> <!-- TEST WITH CHROME1 -->
    <test started-at="2020-06-19T14:22:16 IST" name="TEST WITH CHROME" finished-at="2020-06-19T14:23:27 IST" duration-ms="70907">
      <class name="parallel.TestParallelNG">
        <test-method is-config="true" signature="setup(java.lang.String)[pri:0, instance:parallel.TestParallelNG@17c1bced]" started-at="2020-06-19T14:22:16 IST" name="setup" finished-at="2020-06-19T14:22:25 IST" duration-ms="9481" status="PASS">
          <params>
            <param index="0">
              <value>
                <![CDATA[chrome]]>
              </value>
            </param>
          </params>
          <reporter-output>
          </reporter-output>
        </test-method> <!-- setup -->
        <test-method signature="paralelTest(java.lang.String)[pri:0, instance:parallel.TestParallelNG@17c1bced]" started-at="2020-06-19T14:22:25 IST" name="paralelTest" finished-at="2020-06-19T14:22:34 IST" duration-ms="8941" status="PASS">
          <params>
            <param index="0">
              <value>
                <![CDATA[chrome]]>
              </value>
            </param>
          </params>
          <reporter-output>
          </reporter-output>
        </test-method> <!-- paralelTest -->
        <test-method is-config="true" signature="tearDown()[pri:0, instance:parallel.TestParallelNG@17c1bced]" started-at="2020-06-19T14:22:34 IST" name="tearDown" finished-at="2020-06-19T14:22:35 IST" duration-ms="256" status="PASS">
          <reporter-output>
          </reporter-output>
        </test-method> <!-- tearDown -->
        <test-method is-config="true" signature="setup(java.lang.String)[pri:0, instance:parallel.TestParallelNG@17c1bced]" started-at="2020-06-19T14:22:35 IST" name="setup" finished-at="2020-06-19T14:22:37 IST" duration-ms="2226" status="PASS">
          <params>
            <param index="0">
              <value>
                <![CDATA[chrome]]>
              </value>
            </param>
          </params>
          <reporter-output>
          </reporter-output>
        </test-method> <!-- setup -->
        <test-method signature="paralelTest1(java.lang.String)[pri:0, instance:parallel.TestParallelNG@17c1bced]" started-at="2020-06-19T14:22:37 IST" name="paralelTest1" finished-at="2020-06-19T14:22:47 IST" duration-ms="9775" status="PASS">
          <params>
            <param index="0">
              <value>
                <![CDATA[chrome]]>
              </value>
            </param>
          </params>
          <reporter-output>
          </reporter-output>
        </test-method> <!-- paralelTest1 -->
        <test-method is-config="true" signature="tearDown()[pri:0, instance:parallel.TestParallelNG@17c1bced]" started-at="2020-06-19T14:22:47 IST" name="tearDown" finished-at="2020-06-19T14:22:47 IST" duration-ms="523" status="PASS">
          <reporter-output>
          </reporter-output>
        </test-method> <!-- tearDown -->
        <test-method is-config="true" signature="setup(java.lang.String)[pri:0, instance:parallel.TestParallelNG@17c1bced]" started-at="2020-06-19T14:22:47 IST" name="setup" finished-at="2020-06-19T14:22:52 IST" duration-ms="5038" status="PASS">
          <params>
            <param index="0">
              <value>
                <![CDATA[chrome]]>
              </value>
            </param>
          </params>
          <reporter-output>
          </reporter-output>
        </test-method> <!-- setup -->
        <test-method signature="paralelTest3(java.lang.String)[pri:0, instance:parallel.TestParallelNG@17c1bced]" started-at="2020-06-19T14:22:52 IST" name="paralelTest3" finished-at="2020-06-19T14:23:02 IST" duration-ms="9353" status="PASS">
          <params>
            <param index="0">
              <value>
                <![CDATA[chrome]]>
              </value>
            </param>
          </params>
          <reporter-output>
          </reporter-output>
        </test-method> <!-- paralelTest3 -->
        <test-method is-config="true" signature="tearDown()[pri:0, instance:parallel.TestParallelNG@17c1bced]" started-at="2020-06-19T14:23:02 IST" name="tearDown" finished-at="2020-06-19T14:23:02 IST" duration-ms="250" status="PASS">
          <reporter-output>
          </reporter-output>
        </test-method> <!-- tearDown -->
        <test-method is-config="true" signature="setup(java.lang.String)[pri:0, instance:parallel.TestParallelNG@17c1bced]" started-at="2020-06-19T14:23:02 IST" name="setup" finished-at="2020-06-19T14:23:05 IST" duration-ms="3383" status="PASS">
          <params>
            <param index="0">
              <value>
                <![CDATA[chrome]]>
              </value>
            </param>
          </params>
          <reporter-output>
          </reporter-output>
        </test-method> <!-- setup -->
        <test-method signature="paralelTest4(java.lang.String)[pri:0, instance:parallel.TestParallelNG@17c1bced]" started-at="2020-06-19T14:23:05 IST" name="paralelTest4" finished-at="2020-06-19T14:23:14 IST" duration-ms="9074" status="PASS">
          <params>
            <param index="0">
              <value>
                <![CDATA[chrome]]>
              </value>
            </param>
          </params>
          <reporter-output>
          </reporter-output>
        </test-method> <!-- paralelTest4 -->
        <test-method is-config="true" signature="tearDown()[pri:0, instance:parallel.TestParallelNG@17c1bced]" started-at="2020-06-19T14:23:14 IST" name="tearDown" finished-at="2020-06-19T14:23:14 IST" duration-ms="174" status="PASS">
          <reporter-output>
          </reporter-output>
        </test-method> <!-- tearDown -->
        <test-method is-config="true" signature="setup(java.lang.String)[pri:0, instance:parallel.TestParallelNG@17c1bced]" started-at="2020-06-19T14:23:14 IST" name="setup" finished-at="2020-06-19T14:23:17 IST" duration-ms="2554" status="PASS">
          <params>
            <param index="0">
              <value>
                <![CDATA[chrome]]>
              </value>
            </param>
          </params>
          <reporter-output>
          </reporter-output>
        </test-method> <!-- setup -->
        <test-method signature="paralelTest5(java.lang.String)[pri:0, instance:parallel.TestParallelNG@17c1bced]" started-at="2020-06-19T14:23:17 IST" name="paralelTest5" finished-at="2020-06-19T14:23:27 IST" duration-ms="9463" status="PASS">
          <params>
            <param index="0">
              <value>
                <![CDATA[chrome]]>
              </value>
            </param>
          </params>
          <reporter-output>
          </reporter-output>
        </test-method> <!-- paralelTest5 -->
        <test-method is-config="true" signature="tearDown()[pri:0, instance:parallel.TestParallelNG@17c1bced]" started-at="2020-06-19T14:23:27 IST" name="tearDown" finished-at="2020-06-19T14:23:27 IST" duration-ms="342" status="PASS">
          <reporter-output>
          </reporter-output>
        </test-method> <!-- tearDown -->
        <test-method is-config="true" signature="terminate()[pri:0, instance:parallel.TestParallelNG@17c1bced]" started-at="2020-06-19T14:23:27 IST" name="terminate" finished-at="2020-06-19T14:23:27 IST" duration-ms="0" status="PASS">
          <reporter-output>
          </reporter-output>
        </test-method> <!-- terminate -->
      </class> <!-- parallel.TestParallelNG -->
    </test> <!-- TEST WITH CHROME -->
  </suite> <!-- Suite -->
  <suite started-at="2020-06-19T14:23:27 IST" name="Suite (0)" finished-at="2020-06-19T14:23:49 IST" duration-ms="21833">
    <groups>
    </groups>
    <test started-at="2020-06-19T14:23:27 IST" name="grid.SecondTest" finished-at="2020-06-19T14:23:49 IST" duration-ms="21833">
      <class name="grid.SecondTest">
        <test-method is-config="true" signature="setup(java.lang.String)[pri:0, instance:grid.SecondTest@7995092a]" started-at="2020-06-19T14:23:27 IST" name="setup" finished-at="2020-06-19T14:23:40 IST" duration-ms="13299" status="PASS">
          <params>
            <param index="0">
              <value>
                <![CDATA[firefox]]>
              </value>
            </param>
          </params>
          <reporter-output>
          </reporter-output>
        </test-method> <!-- setup -->
        <test-method is-config="true" signature="setup(java.lang.String)[pri:0, instance:grid.SecondTest@7995092a]" started-at="2020-06-19T14:23:27 IST" name="setup" finished-at="2020-06-19T14:23:40 IST" duration-ms="12574" status="PASS">
          <params>
            <param index="0">
              <value>
                <![CDATA[firefox]]>
              </value>
            </param>
          </params>
          <reporter-output>
          </reporter-output>
        </test-method> <!-- setup -->
        <test-method signature="YANDEX()[pri:0, instance:grid.SecondTest@7995092a]" started-at="2020-06-19T14:23:40 IST" name="YANDEX" finished-at="2020-06-19T14:23:46 IST" duration-ms="6504" status="PASS">
          <reporter-output>
          </reporter-output>
        </test-method> <!-- YANDEX -->
        <test-method signature="GOOGLE4()[pri:0, instance:grid.SecondTest@7995092a]" started-at="2020-06-19T14:23:40 IST" name="GOOGLE4" finished-at="2020-06-19T14:23:45 IST" duration-ms="4815" status="PASS">
          <reporter-output>
          </reporter-output>
        </test-method> <!-- GOOGLE4 -->
        <test-method is-config="true" signature="tearDown()[pri:0, instance:grid.SecondTest@7995092a]" started-at="2020-06-19T14:23:45 IST" name="tearDown" finished-at="2020-06-19T14:23:47 IST" duration-ms="2184" status="PASS">
          <reporter-output>
          </reporter-output>
        </test-method> <!-- tearDown -->
        <test-method is-config="true" signature="tearDown()[pri:0, instance:grid.SecondTest@7995092a]" started-at="2020-06-19T14:23:46 IST" name="tearDown" finished-at="2020-06-19T14:23:49 IST" duration-ms="2746" status="PASS">
          <reporter-output>
          </reporter-output>
        </test-method> <!-- tearDown -->
        <test-method is-config="true" signature="terminate()[pri:0, instance:grid.SecondTest@7995092a]" started-at="2020-06-19T14:23:49 IST" name="terminate" finished-at="2020-06-19T14:23:49 IST" duration-ms="1" status="PASS">
          <reporter-output>
          </reporter-output>
        </test-method> <!-- terminate -->
      </class> <!-- grid.SecondTest -->
    </test> <!-- grid.SecondTest -->
  </suite> <!-- Suite (0) -->
</testng-results>
