<?xml version="1.0" encoding="UTF-8"?>
<!-- Generated by org.testng.reporters.JUnitXMLReporter -->
<testsuite ignored="0" hostname="Irinas-MacBook-Pro.local" failures="0" tests="5" name="grid.SecondTest" time="21.833" errors="0" timestamp="2020-06-19T14:23:49 IST">
  <testcase classname="grid.FirstTest" name="GOOGLE1" time="8.708"/>
  <testcase classname="grid.FirstTest" name="GOOGLE3" time="9.496"/>
  <testcase classname="grid.FirstTest" name="GOOGLE2" time="9.45"/>
  <testcase classname="grid.SecondTest" name="GOOGLE4" time="4.815"/>
  <testcase classname="grid.SecondTest" name="YANDEX" time="6.504"/>
</testsuite> <!-- grid.SecondTest -->
