<?xml version="1.0" encoding="UTF-8"?>
<!-- Generated by org.testng.reporters.JUnitXMLReporter -->
<testsuite ignored="0" hostname="Irinas-MacBook-Pro.local" failures="0" tests="3" name="grid.FirstTest" time="14.639" errors="0" timestamp="2020-06-19T14:23:42 IST">
  <testcase classname="grid.FirstTest" name="GOOGLE1" time="8.708"/>
  <testcase classname="grid.FirstTest" name="GOOGLE3" time="9.496"/>
  <testcase classname="grid.FirstTest" name="GOOGLE2" time="9.45"/>
</testsuite> <!-- grid.FirstTest -->
